2018-04-02 16:35:33.417  INFO 13108 --- [main] com.scd.mweb.MwebApplication             : No active profile set, falling back to default profiles: default
2018-04-02 16:35:33.433  INFO 13108 --- [main] ationConfigEmbeddedWebApplicationContext : Refreshing org.springframework.boot.context.embedded.AnnotationConfigEmbeddedWebApplicationContext@4cafa9aa: startup date [Mon Apr 02 16:35:33 CST 2018]; parent: org.springframework.context.annotation.AnnotationConfigApplicationContext@5c2375a9
2018-04-02 16:35:34.257  INFO 13108 --- [main] o.s.cloud.context.scope.GenericScope     : BeanFactory id=42a53845-db1c-3923-b28b-c50bfd8377a6
2018-04-02 16:35:34.274  INFO 13108 --- [main] f.a.AutowiredAnnotationBeanPostProcessor : JSR-330 'javax.inject.Inject' annotation found and supported for autowiring
2018-04-02 16:35:34.300  INFO 13108 --- [main] trationDelegate$BeanPostProcessorChecker : Bean 'com.scd.mweb.feign.FAccount' of type [org.springframework.cloud.netflix.feign.FeignClientFactoryBean] is not eligible for getting processed by all BeanPostProcessors (for example: not eligible for auto-proxying)
2018-04-02 16:35:34.301  INFO 13108 --- [main] trationDelegate$BeanPostProcessorChecker : Bean 'com.scd.mweb.feign.FCarousel' of type [org.springframework.cloud.netflix.feign.FeignClientFactoryBean] is not eligible for getting processed by all BeanPostProcessors (for example: not eligible for auto-proxying)
2018-04-02 16:35:34.301  INFO 13108 --- [main] trationDelegate$BeanPostProcessorChecker : Bean 'com.scd.mweb.feign.FComment' of type [org.springframework.cloud.netflix.feign.FeignClientFactoryBean] is not eligible for getting processed by all BeanPostProcessors (for example: not eligible for auto-proxying)
2018-04-02 16:35:34.302  INFO 13108 --- [main] trationDelegate$BeanPostProcessorChecker : Bean 'com.scd.mweb.feign.FCommodity' of type [org.springframework.cloud.netflix.feign.FeignClientFactoryBean] is not eligible for getting processed by all BeanPostProcessors (for example: not eligible for auto-proxying)
2018-04-02 16:35:34.303  INFO 13108 --- [main] trationDelegate$BeanPostProcessorChecker : Bean 'com.scd.mweb.feign.FCommon' of type [org.springframework.cloud.netflix.feign.FeignClientFactoryBean] is not eligible for getting processed by all BeanPostProcessors (for example: not eligible for auto-proxying)
2018-04-02 16:35:34.304  INFO 13108 --- [main] trationDelegate$BeanPostProcessorChecker : Bean 'com.scd.mweb.feign.FCommunity' of type [org.springframework.cloud.netflix.feign.FeignClientFactoryBean] is not eligible for getting processed by all BeanPostProcessors (for example: not eligible for auto-proxying)
2018-04-02 16:35:34.305  INFO 13108 --- [main] trationDelegate$BeanPostProcessorChecker : Bean 'com.scd.mweb.feign.FRich' of type [org.springframework.cloud.netflix.feign.FeignClientFactoryBean] is not eligible for getting processed by all BeanPostProcessors (for example: not eligible for auto-proxying)
2018-04-02 16:35:34.306  INFO 13108 --- [main] trationDelegate$BeanPostProcessorChecker : Bean 'com.scd.mweb.feign.FShop' of type [org.springframework.cloud.netflix.feign.FeignClientFactoryBean] is not eligible for getting processed by all BeanPostProcessors (for example: not eligible for auto-proxying)
2018-04-02 16:35:34.308  INFO 13108 --- [main] trationDelegate$BeanPostProcessorChecker : Bean 'com.scd.mweb.feign.FShopActivity' of type [org.springframework.cloud.netflix.feign.FeignClientFactoryBean] is not eligible for getting processed by all BeanPostProcessors (for example: not eligible for auto-proxying)
2018-04-02 16:35:34.364  INFO 13108 --- [main] trationDelegate$BeanPostProcessorChecker : Bean 'org.springframework.cloud.netflix.metrics.MetricsInterceptorConfiguration$MetricsRestTemplateConfiguration' of type [org.springframework.cloud.netflix.metrics.MetricsInterceptorConfiguration$MetricsRestTemplateConfiguration$$EnhancerBySpringCGLIB$$268e5336] is not eligible for getting processed by all BeanPostProcessors (for example: not eligible for auto-proxying)
2018-04-02 16:35:34.374  INFO 13108 --- [main] trationDelegate$BeanPostProcessorChecker : Bean 'org.springframework.cloud.autoconfigure.ConfigurationPropertiesRebinderAutoConfiguration' of type [org.springframework.cloud.autoconfigure.ConfigurationPropertiesRebinderAutoConfiguration$$EnhancerBySpringCGLIB$$107baff2] is not eligible for getting processed by all BeanPostProcessors (for example: not eligible for auto-proxying)
2018-04-02 16:35:34.823  INFO 13108 --- [main] s.b.c.e.t.TomcatEmbeddedServletContainer : Tomcat initialized with port(s): 18538 (http)
2018-04-02 16:35:34.835  INFO 13108 --- [main] o.apache.catalina.core.StandardService   : Starting service [Tomcat]
2018-04-02 16:35:34.836  INFO 13108 --- [main] org.apache.catalina.core.StandardEngine  : Starting Servlet Engine: Apache Tomcat/8.5.27
2018-04-02 16:35:34.997  INFO 13108 --- [localhost-startStop-1] o.a.c.c.C.[Tomcat].[localhost].[/]       : Initializing Spring embedded WebApplicationContext
2018-04-02 16:35:34.998  INFO 13108 --- [localhost-startStop-1] o.s.web.context.ContextLoader            : Root WebApplicationContext: initialization completed in 1565 ms
2018-04-02 16:35:35.269  INFO 13108 --- [localhost-startStop-1] o.s.b.w.servlet.ServletRegistrationBean  : Mapping servlet: 'dispatcherServlet' to [/]
2018-04-02 16:35:35.273  INFO 13108 --- [localhost-startStop-1] o.s.b.w.servlet.FilterRegistrationBean   : Mapping filter: 'metricsFilter' to: [/*]
2018-04-02 16:35:35.273  INFO 13108 --- [localhost-startStop-1] o.s.b.w.servlet.FilterRegistrationBean   : Mapping filter: 'characterEncodingFilter' to: [/*]
2018-04-02 16:35:35.273  INFO 13108 --- [localhost-startStop-1] o.s.b.w.servlet.FilterRegistrationBean   : Mapping filter: 'hiddenHttpMethodFilter' to: [/*]
2018-04-02 16:35:35.274  INFO 13108 --- [localhost-startStop-1] o.s.b.w.servlet.FilterRegistrationBean   : Mapping filter: 'httpPutFormContentFilter' to: [/*]
2018-04-02 16:35:35.274  INFO 13108 --- [localhost-startStop-1] o.s.b.w.servlet.FilterRegistrationBean   : Mapping filter: 'requestContextFilter' to: [/*]
2018-04-02 16:35:35.274  INFO 13108 --- [localhost-startStop-1] o.s.b.w.servlet.FilterRegistrationBean   : Mapping filter: 'webRequestLoggingFilter' to: [/*]
2018-04-02 16:35:35.274  INFO 13108 --- [localhost-startStop-1] o.s.b.w.servlet.FilterRegistrationBean   : Mapping filter: 'applicationContextIdFilter' to: [/*]
2018-04-02 16:35:35.344  INFO 13108 --- [main] s.c.a.AnnotationConfigApplicationContext : Refreshing org.springframework.context.annotation.AnnotationConfigApplicationContext@19da993b: startup date [Mon Apr 02 16:35:35 CST 2018]; parent: org.springframework.boot.context.embedded.AnnotationConfigEmbeddedWebApplicationContext@4cafa9aa
2018-04-02 16:35:35.362  INFO 13108 --- [main] f.a.AutowiredAnnotationBeanPostProcessor : JSR-330 'javax.inject.Inject' annotation found and supported for autowiring
2018-04-02 16:35:35.918  WARN 13108 --- [main] c.n.c.sources.URLConfigurationSource     : No URLs will be polled as dynamic configuration sources.
2018-04-02 16:35:35.918  INFO 13108 --- [main] c.n.c.sources.URLConfigurationSource     : To enable URLs as dynamic configuration sources, define System property archaius.configurationSource.additionalUrls or make config.properties available on classpath.
2018-04-02 16:35:35.924  WARN 13108 --- [main] c.n.c.sources.URLConfigurationSource     : No URLs will be polled as dynamic configuration sources.
2018-04-02 16:35:35.924  INFO 13108 --- [main] c.n.c.sources.URLConfigurationSource     : To enable URLs as dynamic configuration sources, define System property archaius.configurationSource.additionalUrls or make config.properties available on classpath.
2018-04-02 16:35:36.102  INFO 13108 --- [main] s.w.s.m.m.a.RequestMappingHandlerAdapter : Looking for @ControllerAdvice: org.springframework.boot.context.embedded.AnnotationConfigEmbeddedWebApplicationContext@4cafa9aa: startup date [Mon Apr 02 16:35:33 CST 2018]; parent: org.springframework.context.annotation.AnnotationConfigApplicationContext@5c2375a9
2018-04-02 16:35:36.275  INFO 13108 --- [main] s.w.s.m.m.a.RequestMappingHandlerMapping : Mapped "{[/comment/getCommentList],methods=[POST]}" onto public java.lang.String com.scd.mweb.controller.CommentController.getCommentList(javax.servlet.http.HttpServletRequest)
2018-04-02 16:35:36.277  INFO 13108 --- [main] s.w.s.m.m.a.RequestMappingHandlerMapping : Mapped "{[/commodity/getList],methods=[POST]}" onto public java.lang.String com.scd.mweb.controller.CommodityController.getList(javax.servlet.http.HttpServletRequest)
2018-04-02 16:35:36.277  INFO 13108 --- [main] s.w.s.m.m.a.RequestMappingHandlerMapping : Mapped "{[/commodity/getDetail],methods=[POST]}" onto public java.lang.String com.scd.mweb.controller.CommodityController.getDetail(javax.servlet.http.HttpServletRequest)
2018-04-02 16:35:36.277  INFO 13108 --- [main] s.w.s.m.m.a.RequestMappingHandlerMapping : Mapped "{[/commodity/getAttr],methods=[POST]}" onto public java.lang.String com.scd.mweb.controller.CommodityController.getAttr(javax.servlet.http.HttpServletRequest)
2018-04-02 16:35:36.278  INFO 13108 --- [main] s.w.s.m.m.a.RequestMappingHandlerMapping : Mapped "{[/commodity/getAssort],methods=[POST]}" onto public java.lang.String com.scd.mweb.controller.CommodityController.getAssort(javax.servlet.http.HttpServletRequest)
2018-04-02 16:35:36.278  INFO 13108 --- [main] s.w.s.m.m.a.RequestMappingHandlerMapping : Mapped "{[/commodity/getRecommend],methods=[POST]}" onto public java.lang.String com.scd.mweb.controller.CommodityController.getRecommend(javax.servlet.http.HttpServletRequest)
2018-04-02 16:35:36.278  INFO 13108 --- [main] s.w.s.m.m.a.RequestMappingHandlerMapping : Mapped "{[/common/getRootUrl],methods=[POST]}" onto public java.lang.String com.scd.mweb.controller.CommonController.getRootUrl(javax.servlet.http.HttpServletRequest)
2018-04-02 16:35:36.278  INFO 13108 --- [main] s.w.s.m.m.a.RequestMappingHandlerMapping : Mapped "{[/ct/getList],methods=[POST]}" onto public java.lang.String com.scd.mweb.controller.CommunityController.getList(javax.servlet.http.HttpServletRequest)
2018-04-02 16:35:36.279  INFO 13108 --- [main] s.w.s.m.m.a.RequestMappingHandlerMapping : Mapped "{[/html5/getData],methods=[POST]}" onto public java.lang.String com.scd.mweb.controller.Hhtm5Controller.getData(javax.servlet.http.HttpServletRequest)
2018-04-02 16:35:36.280  INFO 13108 --- [main] s.w.s.m.m.a.RequestMappingHandlerMapping : Mapped "{[/lr/regOfGetCode],methods=[POST]}" onto public java.lang.String com.scd.mweb.controller.LRController.regOfGetCode(javax.servlet.http.HttpServletRequest)
2018-04-02 16:35:36.280  INFO 13108 --- [main] s.w.s.m.m.a.RequestMappingHandlerMapping : Mapped "{[/lr/regOfCheckCode],methods=[POST]}" onto public java.lang.String com.scd.mweb.controller.LRController.regOfCheckCode(javax.servlet.http.HttpServletRequest)
2018-04-02 16:35:36.280  INFO 13108 --- [main] s.w.s.m.m.a.RequestMappingHandlerMapping : Mapped "{[/lr/regOfPwdAReferee],methods=[POST]}" onto public java.lang.String com.scd.mweb.controller.LRController.regOfPwdAReferee(javax.servlet.http.HttpServletRequest)
2018-04-02 16:35:36.281  INFO 13108 --- [main] s.w.s.m.m.a.RequestMappingHandlerMapping : Mapped "{[/mn/login],methods=[POST]}" onto public java.lang.String com.scd.mweb.controller.MainController.login(javax.servlet.http.HttpServletRequest)
2018-04-02 16:35:36.281  INFO 13108 --- [main] s.w.s.m.m.a.RequestMappingHandlerMapping : Mapped "{[/mn/getPics],methods=[POST]}" onto public java.lang.String com.scd.mweb.controller.MainController.getPics(javax.servlet.http.HttpServletRequest)
2018-04-02 16:35:36.281  INFO 13108 --- [main] s.w.s.m.m.a.RequestMappingHandlerMapping : Mapped "{[/shop/getActivityList],methods=[POST]}" onto public java.lang.String com.scd.mweb.controller.ShopController.getActivityList(javax.servlet.http.HttpServletRequest)
2018-04-02 16:35:36.284  INFO 13108 --- [main] s.w.s.m.m.a.RequestMappingHandlerMapping : Mapped "{[/error]}" onto public org.springframework.http.ResponseEntity<java.util.Map<java.lang.String, java.lang.Object>> org.springframework.boot.autoconfigure.web.BasicErrorController.error(javax.servlet.http.HttpServletRequest)
2018-04-02 16:35:36.285  INFO 13108 --- [main] s.w.s.m.m.a.RequestMappingHandlerMapping : Mapped "{[/error],produces=[text/html]}" onto public org.springframework.web.servlet.ModelAndView org.springframework.boot.autoconfigure.web.BasicErrorController.errorHtml(javax.servlet.http.HttpServletRequest,javax.servlet.http.HttpServletResponse)
2018-04-02 16:35:36.318  INFO 13108 --- [main] o.s.w.s.handler.SimpleUrlHandlerMapping  : Mapped URL path [/webjars/**] onto handler of type [class org.springframework.web.servlet.resource.ResourceHttpRequestHandler]
2018-04-02 16:35:36.318  INFO 13108 --- [main] o.s.w.s.handler.SimpleUrlHandlerMapping  : Mapped URL path [/**] onto handler of type [class org.springframework.web.servlet.resource.ResourceHttpRequestHandler]
2018-04-02 16:35:36.363  INFO 13108 --- [main] o.s.w.s.handler.SimpleUrlHandlerMapping  : Mapped URL path [/**/favicon.ico] onto handler of type [class org.springframework.web.servlet.resource.ResourceHttpRequestHandler]
2018-04-02 16:35:37.416  INFO 13108 --- [main] o.s.b.a.e.mvc.EndpointHandlerMapping     : Mapped "{[/mappings || /mappings.json],methods=[GET],produces=[application/vnd.spring-boot.actuator.v1+json || application/json]}" onto public java.lang.Object org.springframework.boot.actuate.endpoint.mvc.EndpointMvcAdapter.invoke()
2018-04-02 16:35:37.416  INFO 13108 --- [main] o.s.b.a.e.mvc.EndpointHandlerMapping     : Mapped "{[/refresh || /refresh.json],methods=[POST]}" onto public java.lang.Object org.springframework.cloud.endpoint.GenericPostableMvcEndpoint.invoke()
2018-04-02 16:35:37.417  INFO 13108 --- [main] o.s.b.a.e.mvc.EndpointHandlerMapping     : Mapped "{[/metrics/{name:.*}],methods=[GET],produces=[application/vnd.spring-boot.actuator.v1+json || application/json]}" onto public java.lang.Object org.springframework.boot.actuate.endpoint.mvc.MetricsMvcEndpoint.value(java.lang.String)
2018-04-02 16:35:37.417  INFO 13108 --- [main] o.s.b.a.e.mvc.EndpointHandlerMapping     : Mapped "{[/metrics || /metrics.json],methods=[GET],produces=[application/vnd.spring-boot.actuator.v1+json || application/json]}" onto public java.lang.Object org.springframework.boot.actuate.endpoint.mvc.EndpointMvcAdapter.invoke()
2018-04-02 16:35:37.418  INFO 13108 --- [main] o.s.b.a.e.mvc.EndpointHandlerMapping     : Mapped "{[/beans || /beans.json],methods=[GET],produces=[application/vnd.spring-boot.actuator.v1+json || application/json]}" onto public java.lang.Object org.springframework.boot.actuate.endpoint.mvc.EndpointMvcAdapter.invoke()
2018-04-02 16:35:37.419  INFO 13108 --- [main] o.s.b.a.e.mvc.EndpointHandlerMapping     : Mapped "{[/auditevents || /auditevents.json],methods=[GET],produces=[application/vnd.spring-boot.actuator.v1+json || application/json]}" onto public org.springframework.http.ResponseEntity<?> org.springframework.boot.actuate.endpoint.mvc.AuditEventsMvcEndpoint.findByPrincipalAndAfterAndType(java.lang.String,java.util.Date,java.lang.String)
2018-04-02 16:35:37.420  INFO 13108 --- [main] o.s.b.a.e.mvc.EndpointHandlerMapping     : Mapped "{[/trace || /trace.json],methods=[GET],produces=[application/vnd.spring-boot.actuator.v1+json || application/json]}" onto public java.lang.Object org.springframework.boot.actuate.endpoint.mvc.EndpointMvcAdapter.invoke()
2018-04-02 16:35:37.421  INFO 13108 --- [main] o.s.b.a.e.mvc.EndpointHandlerMapping     : Mapped "{[/health || /health.json],methods=[GET],produces=[application/vnd.spring-boot.actuator.v1+json || application/json]}" onto public java.lang.Object org.springframework.boot.actuate.endpoint.mvc.HealthMvcEndpoint.invoke(javax.servlet.http.HttpServletRequest,java.security.Principal)
2018-04-02 16:35:37.421  INFO 13108 --- [main] o.s.b.a.e.mvc.EndpointHandlerMapping     : Mapped "{[/service-registry/instance-status],methods=[GET]}" onto public org.springframework.http.ResponseEntity org.springframework.cloud.client.serviceregistry.endpoint.ServiceRegistryEndpoint.getStatus()
2018-04-02 16:35:37.421  INFO 13108 --- [main] o.s.b.a.e.mvc.EndpointHandlerMapping     : Mapped "{[/service-registry/instance-status],methods=[POST]}" onto public org.springframework.http.ResponseEntity<?> org.springframework.cloud.client.serviceregistry.endpoint.ServiceRegistryEndpoint.setStatus(java.lang.String)
2018-04-02 16:35:37.422  INFO 13108 --- [main] o.s.b.a.e.mvc.EndpointHandlerMapping     : Mapped "{[/logfile || /logfile.json],methods=[GET || HEAD]}" onto public void org.springframework.boot.actuate.endpoint.mvc.LogFileMvcEndpoint.invoke(javax.servlet.http.HttpServletRequest,javax.servlet.http.HttpServletResponse) throws javax.servlet.ServletException,java.io.IOException
2018-04-02 16:35:37.423  INFO 13108 --- [main] o.s.b.a.e.mvc.EndpointHandlerMapping     : Mapped "{[/env/{name:.*}],methods=[GET],produces=[application/vnd.spring-boot.actuator.v1+json || application/json]}" onto public java.lang.Object org.springframework.boot.actuate.endpoint.mvc.EnvironmentMvcEndpoint.value(java.lang.String)
2018-04-02 16:35:37.423  INFO 13108 --- [main] o.s.b.a.e.mvc.EndpointHandlerMapping     : Mapped "{[/env || /env.json],methods=[GET],produces=[application/vnd.spring-boot.actuator.v1+json || application/json]}" onto public java.lang.Object org.springframework.boot.actuate.endpoint.mvc.EndpointMvcAdapter.invoke()
2018-04-02 16:35:37.424  INFO 13108 --- [main] o.s.b.a.e.mvc.EndpointHandlerMapping     : Mapped "{[/autoconfig || /autoconfig.json],methods=[GET],produces=[application/vnd.spring-boot.actuator.v1+json || application/json]}" onto public java.lang.Object org.springframework.boot.actuate.endpoint.mvc.EndpointMvcAdapter.invoke()
2018-04-02 16:35:37.424  INFO 13108 --- [main] o.s.b.a.e.mvc.EndpointHandlerMapping     : Mapped "{[/features || /features.json],methods=[GET],produces=[application/vnd.spring-boot.actuator.v1+json || application/json]}" onto public java.lang.Object org.springframework.boot.actuate.endpoint.mvc.EndpointMvcAdapter.invoke()
2018-04-02 16:35:37.426  INFO 13108 --- [main] o.s.b.a.e.mvc.EndpointHandlerMapping     : Mapped "{[/loggers/{name:.*}],methods=[GET],produces=[application/vnd.spring-boot.actuator.v1+json || application/json]}" onto public java.lang.Object org.springframework.boot.actuate.endpoint.mvc.LoggersMvcEndpoint.get(java.lang.String)
2018-04-02 16:35:37.426  INFO 13108 --- [main] o.s.b.a.e.mvc.EndpointHandlerMapping     : Mapped "{[/loggers/{name:.*}],methods=[POST],consumes=[application/vnd.spring-boot.actuator.v1+json || application/json],produces=[application/vnd.spring-boot.actuator.v1+json || application/json]}" onto public java.lang.Object org.springframework.boot.actuate.endpoint.mvc.LoggersMvcEndpoint.set(java.lang.String,java.util.Map<java.lang.String, java.lang.String>)
2018-04-02 16:35:37.426  INFO 13108 --- [main] o.s.b.a.e.mvc.EndpointHandlerMapping     : Mapped "{[/loggers || /loggers.json],methods=[GET],produces=[application/vnd.spring-boot.actuator.v1+json || application/json]}" onto public java.lang.Object org.springframework.boot.actuate.endpoint.mvc.EndpointMvcAdapter.invoke()
2018-04-02 16:35:37.427  INFO 13108 --- [main] o.s.b.a.e.mvc.EndpointHandlerMapping     : Mapped "{[/configprops || /configprops.json],methods=[GET],produces=[application/vnd.spring-boot.actuator.v1+json || application/json]}" onto public java.lang.Object org.springframework.boot.actuate.endpoint.mvc.EndpointMvcAdapter.invoke()
2018-04-02 16:35:37.427  INFO 13108 --- [main] o.s.b.a.e.mvc.EndpointHandlerMapping     : Mapped "{[/dump || /dump.json],methods=[GET],produces=[application/vnd.spring-boot.actuator.v1+json || application/json]}" onto public java.lang.Object org.springframework.boot.actuate.endpoint.mvc.EndpointMvcAdapter.invoke()
2018-04-02 16:35:37.428  INFO 13108 --- [main] o.s.b.a.e.mvc.EndpointHandlerMapping     : Mapped "{[/heapdump || /heapdump.json],methods=[GET],produces=[application/octet-stream]}" onto public void org.springframework.boot.actuate.endpoint.mvc.HeapdumpMvcEndpoint.invoke(boolean,javax.servlet.http.HttpServletRequest,javax.servlet.http.HttpServletResponse) throws java.io.IOException,javax.servlet.ServletException
2018-04-02 16:35:37.429  INFO 13108 --- [main] o.s.b.a.e.mvc.EndpointHandlerMapping     : Mapped "{[/env],methods=[POST]}" onto public java.lang.Object org.springframework.cloud.context.environment.EnvironmentManagerMvcEndpoint.value(java.util.Map<java.lang.String, java.lang.String>)
2018-04-02 16:35:37.429  INFO 13108 --- [main] o.s.b.a.e.mvc.EndpointHandlerMapping     : Mapped "{[/env/reset],methods=[POST]}" onto public java.util.Map<java.lang.String, java.lang.Object> org.springframework.cloud.context.environment.EnvironmentManagerMvcEndpoint.reset()
2018-04-02 16:35:37.429  INFO 13108 --- [main] o.s.b.a.e.mvc.EndpointHandlerMapping     : Mapped "{[/archaius || /archaius.json],methods=[GET],produces=[application/vnd.spring-boot.actuator.v1+json || application/json]}" onto public java.lang.Object org.springframework.boot.actuate.endpoint.mvc.EndpointMvcAdapter.invoke()
2018-04-02 16:35:37.430  INFO 13108 --- [main] o.s.b.a.e.mvc.EndpointHandlerMapping     : Mapped "{[/info || /info.json],methods=[GET],produces=[application/vnd.spring-boot.actuator.v1+json || application/json]}" onto public java.lang.Object org.springframework.boot.actuate.endpoint.mvc.EndpointMvcAdapter.invoke()
2018-04-02 16:35:37.590  WARN 13108 --- [main] arterDeprecationWarningAutoConfiguration : spring-cloud-starter-eureka is deprecated as of Spring Cloud Netflix 1.4.0, please migrate to spring-cloud-starter-netflix-eureka
2018-04-02 16:35:37.742  INFO 13108 --- [main] o.s.j.e.a.AnnotationMBeanExporter        : Registering beans for JMX exposure on startup
2018-04-02 16:35:37.756  INFO 13108 --- [main] o.s.j.e.a.AnnotationMBeanExporter        : Bean with name 'environmentManager' has been autodetected for JMX exposure
2018-04-02 16:35:37.759  INFO 13108 --- [main] o.s.j.e.a.AnnotationMBeanExporter        : Bean with name 'configurationPropertiesRebinder' has been autodetected for JMX exposure
2018-04-02 16:35:37.759  INFO 13108 --- [main] o.s.j.e.a.AnnotationMBeanExporter        : Bean with name 'refreshEndpoint' has been autodetected for JMX exposure
2018-04-02 16:35:37.762  INFO 13108 --- [main] o.s.j.e.a.AnnotationMBeanExporter        : Bean with name 'serviceRegistryEndpoint' has been autodetected for JMX exposure
2018-04-02 16:35:37.763  INFO 13108 --- [main] o.s.j.e.a.AnnotationMBeanExporter        : Bean with name 'refreshScope' has been autodetected for JMX exposure
2018-04-02 16:35:37.765  INFO 13108 --- [main] o.s.j.e.a.AnnotationMBeanExporter        : Located managed bean 'environmentManager': registering with JMX server as MBean [org.springframework.cloud.context.environment:name=environmentManager,type=EnvironmentManager]
2018-04-02 16:35:37.777  INFO 13108 --- [main] o.s.j.e.a.AnnotationMBeanExporter        : Located managed bean 'serviceRegistryEndpoint': registering with JMX server as MBean [org.springframework.cloud.client.serviceregistry.endpoint:name=serviceRegistryEndpoint,type=ServiceRegistryEndpoint]
2018-04-02 16:35:37.784  INFO 13108 --- [main] o.s.j.e.a.AnnotationMBeanExporter        : Located managed bean 'refreshScope': registering with JMX server as MBean [org.springframework.cloud.context.scope.refresh:name=refreshScope,type=RefreshScope]
2018-04-02 16:35:37.798  INFO 13108 --- [main] o.s.j.e.a.AnnotationMBeanExporter        : Located managed bean 'configurationPropertiesRebinder': registering with JMX server as MBean [org.springframework.cloud.context.properties:name=configurationPropertiesRebinder,context=4cafa9aa,type=ConfigurationPropertiesRebinder]
2018-04-02 16:35:37.804  INFO 13108 --- [main] o.s.j.e.a.AnnotationMBeanExporter        : Located managed bean 'refreshEndpoint': registering with JMX server as MBean [org.springframework.cloud.endpoint:name=refreshEndpoint,type=RefreshEndpoint]
2018-04-02 16:35:37.986  INFO 13108 --- [main] o.s.c.support.DefaultLifecycleProcessor  : Starting beans in phase 0
2018-04-02 16:35:37.995  INFO 13108 --- [main] o.s.c.n.eureka.InstanceInfoFactory       : Setting initial instance status as: STARTING
2018-04-02 16:35:38.033  INFO 13108 --- [main] com.netflix.discovery.DiscoveryClient    : Initializing Eureka in region us-east-1
2018-04-02 16:35:38.346  INFO 13108 --- [main] c.n.d.provider.DiscoveryJerseyProvider   : Using JSON encoding codec LegacyJacksonJson
2018-04-02 16:35:38.346  INFO 13108 --- [main] c.n.d.provider.DiscoveryJerseyProvider   : Using JSON decoding codec LegacyJacksonJson
2018-04-02 16:35:38.446  INFO 13108 --- [main] c.n.d.provider.DiscoveryJerseyProvider   : Using XML encoding codec XStreamXml
2018-04-02 16:35:38.446  INFO 13108 --- [main] c.n.d.provider.DiscoveryJerseyProvider   : Using XML decoding codec XStreamXml
2018-04-02 16:35:38.728  INFO 13108 --- [main] c.n.d.s.r.aws.ConfigClusterResolver      : Resolving eureka endpoints via configuration
2018-04-02 16:35:38.828  INFO 13108 --- [main] com.netflix.discovery.DiscoveryClient    : Disable delta property : false
2018-04-02 16:35:38.829  INFO 13108 --- [main] com.netflix.discovery.DiscoveryClient    : Single vip registry refresh property : null
2018-04-02 16:35:38.829  INFO 13108 --- [main] com.netflix.discovery.DiscoveryClient    : Force full registry fetch : false
2018-04-02 16:35:38.829  INFO 13108 --- [main] com.netflix.discovery.DiscoveryClient    : Application is null : false
2018-04-02 16:35:38.829  INFO 13108 --- [main] com.netflix.discovery.DiscoveryClient    : Registered Applications size is zero : true
2018-04-02 16:35:38.829  INFO 13108 --- [main] com.netflix.discovery.DiscoveryClient    : Application version is -1: true
2018-04-02 16:35:38.829  INFO 13108 --- [main] com.netflix.discovery.DiscoveryClient    : Getting all instance registry info from the eureka server
2018-04-02 16:35:39.006  INFO 13108 --- [main] com.netflix.discovery.DiscoveryClient    : The response status is 200
2018-04-02 16:35:39.007  INFO 13108 --- [main] com.netflix.discovery.DiscoveryClient    : Starting heartbeat executor: renew interval is: 30
2018-04-02 16:35:39.009  INFO 13108 --- [main] c.n.discovery.InstanceInfoReplicator     : InstanceInfoReplicator onDemand update allowed rate per min is 4
2018-04-02 16:35:39.012  INFO 13108 --- [main] com.netflix.discovery.DiscoveryClient    : Discovery Client initialized at timestamp 1522658139012 with initial instances count: 1
2018-04-02 16:35:39.017  INFO 13108 --- [main] o.s.c.n.e.s.EurekaServiceRegistry        : Registering application mweb with eureka with status UP
2018-04-02 16:35:39.018  INFO 13108 --- [main] com.netflix.discovery.DiscoveryClient    : Saw local status change event StatusChangeEvent [timestamp=1522658139018, current=UP, previous=STARTING]
2018-04-02 16:35:39.021  INFO 13108 --- [DiscoveryClient-InstanceInfoReplicator-0] com.netflix.discovery.DiscoveryClient    : DiscoveryClient_MWEB/XT-20170531ETYS:mweb:18538: registering service...
2018-04-02 16:35:39.080  INFO 13108 --- [DiscoveryClient-InstanceInfoReplicator-0] com.netflix.discovery.DiscoveryClient    : DiscoveryClient_MWEB/XT-20170531ETYS:mweb:18538 - registration status: 204
2018-04-02 16:35:39.136  INFO 13108 --- [main] s.b.c.e.t.TomcatEmbeddedServletContainer : Tomcat started on port(s): 18538 (http)
2018-04-02 16:35:39.137  INFO 13108 --- [main] .s.c.n.e.s.EurekaAutoServiceRegistration : Updating port to 18538
2018-04-02 16:35:39.144  INFO 13108 --- [main] com.scd.mweb.MwebApplication             : Started MwebApplication in 8.879 seconds (JVM running for 9.375)
2018-04-02 16:40:38.836  INFO 13108 --- [AsyncResolver-bootstrap-executor-0] c.n.d.s.r.aws.ConfigClusterResolver      : Resolving eureka endpoints via configuration
2018-04-02 16:45:38.843  INFO 13108 --- [AsyncResolver-bootstrap-executor-0] c.n.d.s.r.aws.ConfigClusterResolver      : Resolving eureka endpoints via configuration
2018-04-02 16:50:38.849  INFO 13108 --- [AsyncResolver-bootstrap-executor-0] c.n.d.s.r.aws.ConfigClusterResolver      : Resolving eureka endpoints via configuration
2018-04-02 16:55:38.855  INFO 13108 --- [AsyncResolver-bootstrap-executor-0] c.n.d.s.r.aws.ConfigClusterResolver      : Resolving eureka endpoints via configuration
2018-04-02 17:00:38.861  INFO 13108 --- [AsyncResolver-bootstrap-executor-0] c.n.d.s.r.aws.ConfigClusterResolver      : Resolving eureka endpoints via configuration
2018-04-02 17:05:38.867  INFO 13108 --- [AsyncResolver-bootstrap-executor-0] c.n.d.s.r.aws.ConfigClusterResolver      : Resolving eureka endpoints via configuration
2018-04-02 17:10:38.873  INFO 13108 --- [AsyncResolver-bootstrap-executor-0] c.n.d.s.r.aws.ConfigClusterResolver      : Resolving eureka endpoints via configuration
2018-04-02 17:15:38.880  INFO 13108 --- [AsyncResolver-bootstrap-executor-0] c.n.d.s.r.aws.ConfigClusterResolver      : Resolving eureka endpoints via configuration
2018-04-02 17:20:38.886  INFO 13108 --- [AsyncResolver-bootstrap-executor-0] c.n.d.s.r.aws.ConfigClusterResolver      : Resolving eureka endpoints via configuration
2018-04-02 17:25:38.892  INFO 13108 --- [AsyncResolver-bootstrap-executor-0] c.n.d.s.r.aws.ConfigClusterResolver      : Resolving eureka endpoints via configuration
2018-04-02 17:30:38.898  INFO 13108 --- [AsyncResolver-bootstrap-executor-0] c.n.d.s.r.aws.ConfigClusterResolver      : Resolving eureka endpoints via configuration
2018-04-02 17:35:38.904  INFO 13108 --- [AsyncResolver-bootstrap-executor-0] c.n.d.s.r.aws.ConfigClusterResolver      : Resolving eureka endpoints via configuration
2018-04-02 17:40:38.910  INFO 13108 --- [AsyncResolver-bootstrap-executor-0] c.n.d.s.r.aws.ConfigClusterResolver      : Resolving eureka endpoints via configuration
