2018-04-02 16:36:25.405  INFO 10904 --- [main] com.scd.app.AppApplication               : No active profile set, falling back to default profiles: default
2018-04-02 16:36:25.420  INFO 10904 --- [main] ationConfigEmbeddedWebApplicationContext : Refreshing org.springframework.boot.context.embedded.AnnotationConfigEmbeddedWebApplicationContext@35e478f: startup date [Mon Apr 02 16:36:25 CST 2018]; parent: org.springframework.context.annotation.AnnotationConfigApplicationContext@1869fbd2
2018-04-02 16:36:26.414  INFO 10904 --- [main] o.s.cloud.context.scope.GenericScope     : BeanFactory id=8b72d1b7-8462-3d09-82c8-b8629b6122c3
2018-04-02 16:36:26.428  INFO 10904 --- [main] f.a.AutowiredAnnotationBeanPostProcessor : JSR-330 'javax.inject.Inject' annotation found and supported for autowiring
2018-04-02 16:36:26.452  INFO 10904 --- [main] trationDelegate$BeanPostProcessorChecker : Bean 'com.scd.app.feign.FAccount' of type [org.springframework.cloud.netflix.feign.FeignClientFactoryBean] is not eligible for getting processed by all BeanPostProcessors (for example: not eligible for auto-proxying)
2018-04-02 16:36:26.453  INFO 10904 --- [main] trationDelegate$BeanPostProcessorChecker : Bean 'com.scd.app.feign.FAddress' of type [org.springframework.cloud.netflix.feign.FeignClientFactoryBean] is not eligible for getting processed by all BeanPostProcessors (for example: not eligible for auto-proxying)
2018-04-02 16:36:26.453  INFO 10904 --- [main] trationDelegate$BeanPostProcessorChecker : Bean 'com.scd.app.feign.FCarousel' of type [org.springframework.cloud.netflix.feign.FeignClientFactoryBean] is not eligible for getting processed by all BeanPostProcessors (for example: not eligible for auto-proxying)
2018-04-02 16:36:26.454  INFO 10904 --- [main] trationDelegate$BeanPostProcessorChecker : Bean 'com.scd.app.feign.FCollect' of type [org.springframework.cloud.netflix.feign.FeignClientFactoryBean] is not eligible for getting processed by all BeanPostProcessors (for example: not eligible for auto-proxying)
2018-04-02 16:36:26.455  INFO 10904 --- [main] trationDelegate$BeanPostProcessorChecker : Bean 'com.scd.app.feign.FComment' of type [org.springframework.cloud.netflix.feign.FeignClientFactoryBean] is not eligible for getting processed by all BeanPostProcessors (for example: not eligible for auto-proxying)
2018-04-02 16:36:26.456  INFO 10904 --- [main] trationDelegate$BeanPostProcessorChecker : Bean 'com.scd.app.feign.FCommodity' of type [org.springframework.cloud.netflix.feign.FeignClientFactoryBean] is not eligible for getting processed by all BeanPostProcessors (for example: not eligible for auto-proxying)
2018-04-02 16:36:26.456  INFO 10904 --- [main] trationDelegate$BeanPostProcessorChecker : Bean 'com.scd.app.feign.FCommon' of type [org.springframework.cloud.netflix.feign.FeignClientFactoryBean] is not eligible for getting processed by all BeanPostProcessors (for example: not eligible for auto-proxying)
2018-04-02 16:36:26.457  INFO 10904 --- [main] trationDelegate$BeanPostProcessorChecker : Bean 'com.scd.app.feign.FCommunity' of type [org.springframework.cloud.netflix.feign.FeignClientFactoryBean] is not eligible for getting processed by all BeanPostProcessors (for example: not eligible for auto-proxying)
2018-04-02 16:36:26.457  INFO 10904 --- [main] trationDelegate$BeanPostProcessorChecker : Bean 'com.scd.app.feign.FOrder' of type [org.springframework.cloud.netflix.feign.FeignClientFactoryBean] is not eligible for getting processed by all BeanPostProcessors (for example: not eligible for auto-proxying)
2018-04-02 16:36:26.458  INFO 10904 --- [main] trationDelegate$BeanPostProcessorChecker : Bean 'com.scd.app.feign.FPay' of type [org.springframework.cloud.netflix.feign.FeignClientFactoryBean] is not eligible for getting processed by all BeanPostProcessors (for example: not eligible for auto-proxying)
2018-04-02 16:36:26.459  INFO 10904 --- [main] trationDelegate$BeanPostProcessorChecker : Bean 'com.scd.app.feign.FPayRecord' of type [org.springframework.cloud.netflix.feign.FeignClientFactoryBean] is not eligible for getting processed by all BeanPostProcessors (for example: not eligible for auto-proxying)
2018-04-02 16:36:26.460  INFO 10904 --- [main] trationDelegate$BeanPostProcessorChecker : Bean 'com.scd.app.feign.FPush' of type [org.springframework.cloud.netflix.feign.FeignClientFactoryBean] is not eligible for getting processed by all BeanPostProcessors (for example: not eligible for auto-proxying)
2018-04-02 16:36:26.460  INFO 10904 --- [main] trationDelegate$BeanPostProcessorChecker : Bean 'com.scd.app.feign.FRich' of type [org.springframework.cloud.netflix.feign.FeignClientFactoryBean] is not eligible for getting processed by all BeanPostProcessors (for example: not eligible for auto-proxying)
2018-04-02 16:36:26.461  INFO 10904 --- [main] trationDelegate$BeanPostProcessorChecker : Bean 'com.scd.app.feign.FShop' of type [org.springframework.cloud.netflix.feign.FeignClientFactoryBean] is not eligible for getting processed by all BeanPostProcessors (for example: not eligible for auto-proxying)
2018-04-02 16:36:26.462  INFO 10904 --- [main] trationDelegate$BeanPostProcessorChecker : Bean 'com.scd.app.feign.FShopActivity' of type [org.springframework.cloud.netflix.feign.FeignClientFactoryBean] is not eligible for getting processed by all BeanPostProcessors (for example: not eligible for auto-proxying)
2018-04-02 16:36:26.464  INFO 10904 --- [main] trationDelegate$BeanPostProcessorChecker : Bean 'com.scd.app.feign.FTrolley' of type [org.springframework.cloud.netflix.feign.FeignClientFactoryBean] is not eligible for getting processed by all BeanPostProcessors (for example: not eligible for auto-proxying)
2018-04-02 16:36:26.465  INFO 10904 --- [main] trationDelegate$BeanPostProcessorChecker : Bean 'com.scd.app.feign.FVersion' of type [org.springframework.cloud.netflix.feign.FeignClientFactoryBean] is not eligible for getting processed by all BeanPostProcessors (for example: not eligible for auto-proxying)
2018-04-02 16:36:26.492  INFO 10904 --- [main] trationDelegate$BeanPostProcessorChecker : Bean 'org.springframework.amqp.rabbit.annotation.RabbitBootstrapConfiguration' of type [org.springframework.amqp.rabbit.annotation.RabbitBootstrapConfiguration$$EnhancerBySpringCGLIB$$8a702d91] is not eligible for getting processed by all BeanPostProcessors (for example: not eligible for auto-proxying)
2018-04-02 16:36:26.540  INFO 10904 --- [main] trationDelegate$BeanPostProcessorChecker : Bean 'org.springframework.cloud.netflix.metrics.MetricsInterceptorConfiguration$MetricsRestTemplateConfiguration' of type [org.springframework.cloud.netflix.metrics.MetricsInterceptorConfiguration$MetricsRestTemplateConfiguration$$EnhancerBySpringCGLIB$$f63115a4] is not eligible for getting processed by all BeanPostProcessors (for example: not eligible for auto-proxying)
2018-04-02 16:36:26.553  INFO 10904 --- [main] trationDelegate$BeanPostProcessorChecker : Bean 'org.springframework.cloud.autoconfigure.ConfigurationPropertiesRebinderAutoConfiguration' of type [org.springframework.cloud.autoconfigure.ConfigurationPropertiesRebinderAutoConfiguration$$EnhancerBySpringCGLIB$$e01e7260] is not eligible for getting processed by all BeanPostProcessors (for example: not eligible for auto-proxying)
2018-04-02 16:36:27.030  INFO 10904 --- [main] s.b.c.e.t.TomcatEmbeddedServletContainer : Tomcat initialized with port(s): 18532 (http)
2018-04-02 16:36:27.041  INFO 10904 --- [main] o.apache.catalina.core.StandardService   : Starting service [Tomcat]
2018-04-02 16:36:27.042  INFO 10904 --- [main] org.apache.catalina.core.StandardEngine  : Starting Servlet Engine: Apache Tomcat/8.5.27
2018-04-02 16:36:27.211  INFO 10904 --- [localhost-startStop-1] o.a.c.c.C.[Tomcat].[localhost].[/]       : Initializing Spring embedded WebApplicationContext
2018-04-02 16:36:27.212  INFO 10904 --- [localhost-startStop-1] o.s.web.context.ContextLoader            : Root WebApplicationContext: initialization completed in 1792 ms
2018-04-02 16:36:27.532  INFO 10904 --- [localhost-startStop-1] o.s.b.w.servlet.ServletRegistrationBean  : Mapping servlet: 'dispatcherServlet' to [/]
2018-04-02 16:36:27.537  INFO 10904 --- [localhost-startStop-1] o.s.b.w.servlet.FilterRegistrationBean   : Mapping filter: 'metricsFilter' to: [/*]
2018-04-02 16:36:27.537  INFO 10904 --- [localhost-startStop-1] o.s.b.w.servlet.FilterRegistrationBean   : Mapping filter: 'characterEncodingFilter' to: [/*]
2018-04-02 16:36:27.538  INFO 10904 --- [localhost-startStop-1] o.s.b.w.servlet.FilterRegistrationBean   : Mapping filter: 'hiddenHttpMethodFilter' to: [/*]
2018-04-02 16:36:27.538  INFO 10904 --- [localhost-startStop-1] o.s.b.w.servlet.FilterRegistrationBean   : Mapping filter: 'httpPutFormContentFilter' to: [/*]
2018-04-02 16:36:27.538  INFO 10904 --- [localhost-startStop-1] o.s.b.w.servlet.FilterRegistrationBean   : Mapping filter: 'requestContextFilter' to: [/*]
2018-04-02 16:36:27.538  INFO 10904 --- [localhost-startStop-1] o.s.b.w.servlet.FilterRegistrationBean   : Mapping filter: 'webRequestLoggingFilter' to: [/*]
2018-04-02 16:36:27.538  INFO 10904 --- [localhost-startStop-1] o.s.b.w.servlet.FilterRegistrationBean   : Mapping filter: 'applicationContextIdFilter' to: [/*]
2018-04-02 16:36:27.627  INFO 10904 --- [main] s.c.a.AnnotationConfigApplicationContext : Refreshing org.springframework.context.annotation.AnnotationConfigApplicationContext@5b8572df: startup date [Mon Apr 02 16:36:27 CST 2018]; parent: org.springframework.boot.context.embedded.AnnotationConfigEmbeddedWebApplicationContext@35e478f
2018-04-02 16:36:27.647  INFO 10904 --- [main] f.a.AutowiredAnnotationBeanPostProcessor : JSR-330 'javax.inject.Inject' annotation found and supported for autowiring
2018-04-02 16:36:28.708  WARN 10904 --- [main] c.n.c.sources.URLConfigurationSource     : No URLs will be polled as dynamic configuration sources.
2018-04-02 16:36:28.708  INFO 10904 --- [main] c.n.c.sources.URLConfigurationSource     : To enable URLs as dynamic configuration sources, define System property archaius.configurationSource.additionalUrls or make config.properties available on classpath.
2018-04-02 16:36:28.713  WARN 10904 --- [main] c.n.c.sources.URLConfigurationSource     : No URLs will be polled as dynamic configuration sources.
2018-04-02 16:36:28.713  INFO 10904 --- [main] c.n.c.sources.URLConfigurationSource     : To enable URLs as dynamic configuration sources, define System property archaius.configurationSource.additionalUrls or make config.properties available on classpath.
2018-04-02 16:36:28.886  INFO 10904 --- [main] s.w.s.m.m.a.RequestMappingHandlerAdapter : Looking for @ControllerAdvice: org.springframework.boot.context.embedded.AnnotationConfigEmbeddedWebApplicationContext@35e478f: startup date [Mon Apr 02 16:36:25 CST 2018]; parent: org.springframework.context.annotation.AnnotationConfigApplicationContext@1869fbd2
2018-04-02 16:36:29.013  INFO 10904 --- [main] s.w.s.m.m.a.RequestMappingHandlerMapping : Mapped "{[/account/getInfo],methods=[POST]}" onto public java.lang.String com.scd.app.controller.AccountController.getInfo(javax.servlet.http.HttpServletRequest)
2018-04-02 16:36:29.014  INFO 10904 --- [main] s.w.s.m.m.a.RequestMappingHandlerMapping : Mapped "{[/account/getTotalEarnings],methods=[POST]}" onto public java.lang.String com.scd.app.controller.AccountController.getTotalEarnings(javax.servlet.http.HttpServletRequest)
2018-04-02 16:36:29.014  INFO 10904 --- [main] s.w.s.m.m.a.RequestMappingHandlerMapping : Mapped "{[/account/getBalance],methods=[POST]}" onto public java.lang.String com.scd.app.controller.AccountController.getBalance(javax.servlet.http.HttpServletRequest)
2018-04-02 16:36:29.014  INFO 10904 --- [main] s.w.s.m.m.a.RequestMappingHandlerMapping : Mapped "{[/account/getRefereeList],methods=[POST]}" onto public java.lang.String com.scd.app.controller.AccountController.getRefereeList(javax.servlet.http.HttpServletRequest)
2018-04-02 16:36:29.015  INFO 10904 --- [main] s.w.s.m.m.a.RequestMappingHandlerMapping : Mapped "{[/account/getCollectList],methods=[POST]}" onto public java.lang.String com.scd.app.controller.AccountController.getCollectList(javax.servlet.http.HttpServletRequest)
2018-04-02 16:36:29.015  INFO 10904 --- [main] s.w.s.m.m.a.RequestMappingHandlerMapping : Mapped "{[/account/myMember],methods=[POST]}" onto public java.lang.String com.scd.app.controller.AccountController.myMember(javax.servlet.http.HttpServletRequest)
2018-04-02 16:36:29.015  INFO 10904 --- [main] s.w.s.m.m.a.RequestMappingHandlerMapping : Mapped "{[/account/setPayPwd],methods=[POST]}" onto public java.lang.String com.scd.app.controller.AccountController.setPayPwd(javax.servlet.http.HttpServletRequest)
2018-04-02 16:36:29.015  INFO 10904 --- [main] s.w.s.m.m.a.RequestMappingHandlerMapping : Mapped "{[/account/updatePayPwd],methods=[POST]}" onto public java.lang.String com.scd.app.controller.AccountController.updatePayPwd(javax.servlet.http.HttpServletRequest)
2018-04-02 16:36:29.016  INFO 10904 --- [main] s.w.s.m.m.a.RequestMappingHandlerMapping : Mapped "{[/account/verifyOldPayPwd],methods=[POST]}" onto public java.lang.String com.scd.app.controller.AccountController.verifyOldPayPwd(javax.servlet.http.HttpServletRequest)
2018-04-02 16:36:29.016  INFO 10904 --- [main] s.w.s.m.m.a.RequestMappingHandlerMapping : Mapped "{[/account/updateAccountInfo],methods=[POST]}" onto public java.lang.String com.scd.app.controller.AccountController.updateAccountInfo(javax.servlet.http.HttpServletRequest)
2018-04-02 16:36:29.018  INFO 10904 --- [main] s.w.s.m.m.a.RequestMappingHandlerMapping : Mapped "{[/address/add],methods=[POST]}" onto public java.lang.String com.scd.app.controller.AddressController.add(javax.servlet.http.HttpServletRequest)
2018-04-02 16:36:29.018  INFO 10904 --- [main] s.w.s.m.m.a.RequestMappingHandlerMapping : Mapped "{[/address/getDefault],methods=[POST]}" onto public java.lang.String com.scd.app.controller.AddressController.getDefault(javax.servlet.http.HttpServletRequest)
2018-04-02 16:36:29.019  INFO 10904 --- [main] s.w.s.m.m.a.RequestMappingHandlerMapping : Mapped "{[/address/setDefault],methods=[POST]}" onto public java.lang.String com.scd.app.controller.AddressController.setDefault(javax.servlet.http.HttpServletRequest)
2018-04-02 16:36:29.019  INFO 10904 --- [main] s.w.s.m.m.a.RequestMappingHandlerMapping : Mapped "{[/address/getList],methods=[POST]}" onto public java.lang.String com.scd.app.controller.AddressController.getList(javax.servlet.http.HttpServletRequest)
2018-04-02 16:36:29.019  INFO 10904 --- [main] s.w.s.m.m.a.RequestMappingHandlerMapping : Mapped "{[/address/edit],methods=[POST]}" onto public java.lang.String com.scd.app.controller.AddressController.edit(javax.servlet.http.HttpServletRequest)
2018-04-02 16:36:29.019  INFO 10904 --- [main] s.w.s.m.m.a.RequestMappingHandlerMapping : Mapped "{[/address/del],methods=[POST]}" onto public java.lang.String com.scd.app.controller.AddressController.del(javax.servlet.http.HttpServletRequest)
2018-04-02 16:36:29.020  INFO 10904 --- [main] s.w.s.m.m.a.RequestMappingHandlerMapping : Mapped "{[/file/upload],methods=[POST]}" onto public java.lang.String com.scd.app.controller.AppFileController.upload(javax.servlet.http.HttpServletRequest)
2018-04-02 16:36:29.020  INFO 10904 --- [main] s.w.s.m.m.a.RequestMappingHandlerMapping : Mapped "{[/collect/addCollect],methods=[POST]}" onto public java.lang.String com.scd.app.controller.CollectController.add(javax.servlet.http.HttpServletRequest)
2018-04-02 16:36:29.021  INFO 10904 --- [main] s.w.s.m.m.a.RequestMappingHandlerMapping : Mapped "{[/collect/cancelCollect],methods=[POST]}" onto public java.lang.String com.scd.app.controller.CollectController.cancelCollect(javax.servlet.http.HttpServletRequest)
2018-04-02 16:36:29.021  INFO 10904 --- [main] s.w.s.m.m.a.RequestMappingHandlerMapping : Mapped "{[/collect/isCollect],methods=[POST]}" onto public java.lang.String com.scd.app.controller.CollectController.isCollect(javax.servlet.http.HttpServletRequest)
2018-04-02 16:36:29.021  INFO 10904 --- [main] s.w.s.m.m.a.RequestMappingHandlerMapping : Mapped "{[/comment/getCommentList],methods=[POST]}" onto public java.lang.String com.scd.app.controller.CommentController.getCommentList(javax.servlet.http.HttpServletRequest)
2018-04-02 16:36:29.021  INFO 10904 --- [main] s.w.s.m.m.a.RequestMappingHandlerMapping : Mapped "{[/comment/addComment],methods=[POST]}" onto public java.lang.String com.scd.app.controller.CommentController.addComment(javax.servlet.http.HttpServletRequest)
2018-04-02 16:36:29.022  INFO 10904 --- [main] s.w.s.m.m.a.RequestMappingHandlerMapping : Mapped "{[/commodity/getList],methods=[POST]}" onto public java.lang.String com.scd.app.controller.CommodityController.getList(javax.servlet.http.HttpServletRequest)
2018-04-02 16:36:29.022  INFO 10904 --- [main] s.w.s.m.m.a.RequestMappingHandlerMapping : Mapped "{[/commodity/getDetail],methods=[POST]}" onto public java.lang.String com.scd.app.controller.CommodityController.getDetail(javax.servlet.http.HttpServletRequest)
2018-04-02 16:36:29.023  INFO 10904 --- [main] s.w.s.m.m.a.RequestMappingHandlerMapping : Mapped "{[/commodity/getAttr],methods=[POST]}" onto public java.lang.String com.scd.app.controller.CommodityController.getAttr(javax.servlet.http.HttpServletRequest)
2018-04-02 16:36:29.023  INFO 10904 --- [main] s.w.s.m.m.a.RequestMappingHandlerMapping : Mapped "{[/commodity/getAssort],methods=[POST]}" onto public java.lang.String com.scd.app.controller.CommodityController.getAssort(javax.servlet.http.HttpServletRequest)
2018-04-02 16:36:29.023  INFO 10904 --- [main] s.w.s.m.m.a.RequestMappingHandlerMapping : Mapped "{[/commodity/getRecommend],methods=[POST]}" onto public java.lang.String com.scd.app.controller.CommodityController.getRecommend(javax.servlet.http.HttpServletRequest)
2018-04-02 16:36:29.024  INFO 10904 --- [main] s.w.s.m.m.a.RequestMappingHandlerMapping : Mapped "{[/common/getRootUrl],methods=[POST]}" onto public java.lang.String com.scd.app.controller.CommonController.getRootUrl(javax.servlet.http.HttpServletRequest)
2018-04-02 16:36:29.024  INFO 10904 --- [main] s.w.s.m.m.a.RequestMappingHandlerMapping : Mapped "{[/common/getExp],methods=[POST]}" onto public java.lang.String com.scd.app.controller.CommonController.getExp(javax.servlet.http.HttpServletRequest)
2018-04-02 16:36:29.024  INFO 10904 --- [main] s.w.s.m.m.a.RequestMappingHandlerMapping : Mapped "{[/common/getArea],methods=[POST]}" onto public java.lang.String com.scd.app.controller.CommonController.getArea(javax.servlet.http.HttpServletRequest)
2018-04-02 16:36:29.024  INFO 10904 --- [main] s.w.s.m.m.a.RequestMappingHandlerMapping : Mapped "{[/common/getAreaChild],methods=[POST]}" onto public java.lang.String com.scd.app.controller.CommonController.getAreaChild(javax.servlet.http.HttpServletRequest)
2018-04-02 16:36:29.025  INFO 10904 --- [main] s.w.s.m.m.a.RequestMappingHandlerMapping : Mapped "{[/common/getMulExp],methods=[POST]}" onto public java.lang.String com.scd.app.controller.CommonController.getMulExp(javax.servlet.http.HttpServletRequest)
2018-04-02 16:36:29.025  INFO 10904 --- [main] s.w.s.m.m.a.RequestMappingHandlerMapping : Mapped "{[/common/selectLogistics],methods=[POST]}" onto public java.lang.String com.scd.app.controller.CommonController.selectLogistics(javax.servlet.http.HttpServletRequest)
2018-04-02 16:36:29.025  INFO 10904 --- [main] s.w.s.m.m.a.RequestMappingHandlerMapping : Mapped "{[/common/getShopPics],methods=[POST]}" onto public java.lang.String com.scd.app.controller.CommonController.getShopPics(javax.servlet.http.HttpServletRequest)
2018-04-02 16:36:29.026  INFO 10904 --- [main] s.w.s.m.m.a.RequestMappingHandlerMapping : Mapped "{[/ct/hit],methods=[POST]}" onto public java.lang.String com.scd.app.controller.CommunityController.hit(javax.servlet.http.HttpServletRequest)
2018-04-02 16:36:29.026  INFO 10904 --- [main] s.w.s.m.m.a.RequestMappingHandlerMapping : Mapped "{[/ct/praise],methods=[POST]}" onto public java.lang.String com.scd.app.controller.CommunityController.praise(javax.servlet.http.HttpServletRequest)
2018-04-02 16:36:29.026  INFO 10904 --- [main] s.w.s.m.m.a.RequestMappingHandlerMapping : Mapped "{[/ct/getList],methods=[POST]}" onto public java.lang.String com.scd.app.controller.CommunityController.getList(javax.servlet.http.HttpServletRequest)
2018-04-02 16:36:29.027  INFO 10904 --- [main] s.w.s.m.m.a.RequestMappingHandlerMapping : Mapped "{[/html5/getData],methods=[POST]}" onto public java.lang.String com.scd.app.controller.Hhtm5Controller.getData(javax.servlet.http.HttpServletRequest)
2018-04-02 16:36:29.028  INFO 10904 --- [main] s.w.s.m.m.a.RequestMappingHandlerMapping : Mapped "{[/lr/regOfGetCode],methods=[POST]}" onto public java.lang.String com.scd.app.controller.LRController.regOfGetCode(javax.servlet.http.HttpServletRequest)
2018-04-02 16:36:29.028  INFO 10904 --- [main] s.w.s.m.m.a.RequestMappingHandlerMapping : Mapped "{[/lr/regOfCheckCode],methods=[POST]}" onto public java.lang.String com.scd.app.controller.LRController.regOfCheckCode(javax.servlet.http.HttpServletRequest)
2018-04-02 16:36:29.028  INFO 10904 --- [main] s.w.s.m.m.a.RequestMappingHandlerMapping : Mapped "{[/lr/regOfPwdAReferee],methods=[POST]}" onto public java.lang.String com.scd.app.controller.LRController.regOfPwdAReferee(javax.servlet.http.HttpServletRequest)
2018-04-02 16:36:29.028  INFO 10904 --- [main] s.w.s.m.m.a.RequestMappingHandlerMapping : Mapped "{[/lr/rpOfGetCode],methods=[POST]}" onto public java.lang.String com.scd.app.controller.LRController.rpOfGetCode(javax.servlet.http.HttpServletRequest)
2018-04-02 16:36:29.029  INFO 10904 --- [main] s.w.s.m.m.a.RequestMappingHandlerMapping : Mapped "{[/lr/rpOfCheckCode],methods=[POST]}" onto public java.lang.String com.scd.app.controller.LRController.rpOfCheckCode(javax.servlet.http.HttpServletRequest)
2018-04-02 16:36:29.029  INFO 10904 --- [main] s.w.s.m.m.a.RequestMappingHandlerMapping : Mapped "{[/lr/rpOfResetPwd],methods=[POST]}" onto public java.lang.String com.scd.app.controller.LRController.rpOfResetPwd(javax.servlet.http.HttpServletRequest)
2018-04-02 16:36:29.029  INFO 10904 --- [main] s.w.s.m.m.a.RequestMappingHandlerMapping : Mapped "{[/lr/updatePwd],methods=[POST]}" onto public java.lang.String com.scd.app.controller.LRController.updatePwd(javax.servlet.http.HttpServletRequest)
2018-04-02 16:36:29.030  INFO 10904 --- [main] s.w.s.m.m.a.RequestMappingHandlerMapping : Mapped "{[/mn/login],methods=[POST]}" onto public java.lang.String com.scd.app.controller.MainController.login(javax.servlet.http.HttpServletRequest)
2018-04-02 16:36:29.030  INFO 10904 --- [main] s.w.s.m.m.a.RequestMappingHandlerMapping : Mapped "{[/mn/getSession],methods=[POST]}" onto public java.lang.String com.scd.app.controller.MainController.firstResp(javax.servlet.http.HttpServletRequest)
2018-04-02 16:36:29.030  INFO 10904 --- [main] s.w.s.m.m.a.RequestMappingHandlerMapping : Mapped "{[/mn/logout],methods=[POST]}" onto public java.lang.String com.scd.app.controller.MainController.logout(javax.servlet.http.HttpServletRequest)
2018-04-02 16:36:29.030  INFO 10904 --- [main] s.w.s.m.m.a.RequestMappingHandlerMapping : Mapped "{[/mn/getPics],methods=[POST]}" onto public java.lang.String com.scd.app.controller.MainController.getPics(javax.servlet.http.HttpServletRequest)
2018-04-02 16:36:29.031  INFO 10904 --- [main] s.w.s.m.m.a.RequestMappingHandlerMapping : Mapped "{[/order/submit],methods=[POST]}" onto public java.lang.String com.scd.app.controller.OrderController.submit(javax.servlet.http.HttpServletRequest)
2018-04-02 16:36:29.031  INFO 10904 --- [main] s.w.s.m.m.a.RequestMappingHandlerMapping : Mapped "{[/order/selectOrderList],methods=[POST]}" onto public java.lang.String com.scd.app.controller.OrderController.selectOrderList(javax.servlet.http.HttpServletRequest)
2018-04-02 16:36:29.031  INFO 10904 --- [main] s.w.s.m.m.a.RequestMappingHandlerMapping : Mapped "{[/order/selectOrder],methods=[POST]}" onto public java.lang.String com.scd.app.controller.OrderController.selectOrder(javax.servlet.http.HttpServletRequest)
2018-04-02 16:36:29.031  INFO 10904 --- [main] s.w.s.m.m.a.RequestMappingHandlerMapping : Mapped "{[/order/selectCount],methods=[POST]}" onto public java.lang.String com.scd.app.controller.OrderController.selectCount(javax.servlet.http.HttpServletRequest)
2018-04-02 16:36:29.032  INFO 10904 --- [main] s.w.s.m.m.a.RequestMappingHandlerMapping : Mapped "{[/order/cancelOrder],methods=[POST]}" onto public java.lang.String com.scd.app.controller.OrderController.cancelOrder(javax.servlet.http.HttpServletRequest)
2018-04-02 16:36:29.032  INFO 10904 --- [main] s.w.s.m.m.a.RequestMappingHandlerMapping : Mapped "{[/order/reminderDelivery],methods=[POST]}" onto public java.lang.String com.scd.app.controller.OrderController.reminderDelivery(javax.servlet.http.HttpServletRequest)
2018-04-02 16:36:29.032  INFO 10904 --- [main] s.w.s.m.m.a.RequestMappingHandlerMapping : Mapped "{[/order/confirmationReceipt],methods=[POST]}" onto public java.lang.String com.scd.app.controller.OrderController.confirmationReceipt(javax.servlet.http.HttpServletRequest)
2018-04-02 16:36:29.033  INFO 10904 --- [main] s.w.s.m.m.a.RequestMappingHandlerMapping : Mapped "{[/pay/requestPay],methods=[POST]}" onto public java.lang.String com.scd.app.controller.PayController.requestPay(javax.servlet.http.HttpServletRequest)
2018-04-02 16:36:29.033  INFO 10904 --- [main] s.w.s.m.m.a.RequestMappingHandlerMapping : Mapped "{[/pay/balancePay],methods=[POST]}" onto public java.lang.String com.scd.app.controller.PayController.balancePay(javax.servlet.http.HttpServletRequest)
2018-04-02 16:36:29.033  INFO 10904 --- [main] s.w.s.m.m.a.RequestMappingHandlerMapping : Mapped "{[/pay/recharge],methods=[POST]}" onto public java.lang.String com.scd.app.controller.PayController.recharge(javax.servlet.http.HttpServletRequest)
2018-04-02 16:36:29.034  INFO 10904 --- [main] s.w.s.m.m.a.RequestMappingHandlerMapping : Mapped "{[/pay/getPayResult],methods=[POST]}" onto public java.lang.String com.scd.app.controller.PayController.getPayResult(javax.servlet.http.HttpServletRequest)
2018-04-02 16:36:29.034  INFO 10904 --- [main] s.w.s.m.m.a.RequestMappingHandlerMapping : Mapped "{[/pay/getPayList],methods=[POST]}" onto public java.lang.String com.scd.app.controller.PayController.getPayList(javax.servlet.http.HttpServletRequest)
2018-04-02 16:36:29.034  INFO 10904 --- [main] s.w.s.m.m.a.RequestMappingHandlerMapping : Mapped "{[/pay/yunpayNotice],methods=[POST]}" onto public void com.scd.app.controller.PayController.yunpayNotice(javax.servlet.http.HttpServletRequest,javax.servlet.http.HttpServletResponse)
2018-04-02 16:36:29.034  INFO 10904 --- [main] s.w.s.m.m.a.RequestMappingHandlerMapping : Mapped "{[/push/readOne],methods=[POST]}" onto public java.lang.String com.scd.app.controller.PushController.readOne(javax.servlet.http.HttpServletRequest)
2018-04-02 16:36:29.035  INFO 10904 --- [main] s.w.s.m.m.a.RequestMappingHandlerMapping : Mapped "{[/push/list],methods=[POST]}" onto public java.lang.String com.scd.app.controller.PushController.getList(javax.servlet.http.HttpServletRequest)
2018-04-02 16:36:29.035  INFO 10904 --- [main] s.w.s.m.m.a.RequestMappingHandlerMapping : Mapped "{[/push/getOne],methods=[POST]}" onto public java.lang.String com.scd.app.controller.PushController.getOne(javax.servlet.http.HttpServletRequest)
2018-04-02 16:36:29.035  INFO 10904 --- [main] s.w.s.m.m.a.RequestMappingHandlerMapping : Mapped "{[/shop/getActivityList],methods=[POST]}" onto public java.lang.String com.scd.app.controller.ShopController.getActivityList(javax.servlet.http.HttpServletRequest)
2018-04-02 16:36:29.036  INFO 10904 --- [main] s.w.s.m.m.a.RequestMappingHandlerMapping : Mapped "{[/trolley/add],methods=[POST]}" onto public java.lang.String com.scd.app.controller.TrolleyController.add(javax.servlet.http.HttpServletRequest)
2018-04-02 16:36:29.036  INFO 10904 --- [main] s.w.s.m.m.a.RequestMappingHandlerMapping : Mapped "{[/trolley/editNum],methods=[POST]}" onto public java.lang.String com.scd.app.controller.TrolleyController.editNum(javax.servlet.http.HttpServletRequest)
2018-04-02 16:36:29.036  INFO 10904 --- [main] s.w.s.m.m.a.RequestMappingHandlerMapping : Mapped "{[/trolley/batchDel],methods=[POST]}" onto public java.lang.String com.scd.app.controller.TrolleyController.batchDel(javax.servlet.http.HttpServletRequest)
2018-04-02 16:36:29.036  INFO 10904 --- [main] s.w.s.m.m.a.RequestMappingHandlerMapping : Mapped "{[/trolley/getList],methods=[POST]}" onto public java.lang.String com.scd.app.controller.TrolleyController.getList(javax.servlet.http.HttpServletRequest)
2018-04-02 16:36:29.037  INFO 10904 --- [main] s.w.s.m.m.a.RequestMappingHandlerMapping : Mapped "{[/version/getVersion],methods=[POST]}" onto public java.lang.String com.scd.app.controller.VersionController.getVersion(javax.servlet.http.HttpServletRequest)
2018-04-02 16:36:29.038  INFO 10904 --- [main] s.w.s.m.m.a.RequestMappingHandlerMapping : Mapped "{[/error]}" onto public org.springframework.http.ResponseEntity<java.util.Map<java.lang.String, java.lang.Object>> org.springframework.boot.autoconfigure.web.BasicErrorController.error(javax.servlet.http.HttpServletRequest)
2018-04-02 16:36:29.039  INFO 10904 --- [main] s.w.s.m.m.a.RequestMappingHandlerMapping : Mapped "{[/error],produces=[text/html]}" onto public org.springframework.web.servlet.ModelAndView org.springframework.boot.autoconfigure.web.BasicErrorController.errorHtml(javax.servlet.http.HttpServletRequest,javax.servlet.http.HttpServletResponse)
2018-04-02 16:36:29.093  INFO 10904 --- [main] o.s.w.s.handler.SimpleUrlHandlerMapping  : Mapped URL path [/webjars/**] onto handler of type [class org.springframework.web.servlet.resource.ResourceHttpRequestHandler]
2018-04-02 16:36:29.093  INFO 10904 --- [main] o.s.w.s.handler.SimpleUrlHandlerMapping  : Mapped URL path [/**] onto handler of type [class org.springframework.web.servlet.resource.ResourceHttpRequestHandler]
2018-04-02 16:36:29.153  INFO 10904 --- [main] o.s.w.s.handler.SimpleUrlHandlerMapping  : Mapped URL path [/**/favicon.ico] onto handler of type [class org.springframework.web.servlet.resource.ResourceHttpRequestHandler]
2018-04-02 16:36:30.491  INFO 10904 --- [main] o.s.b.a.e.mvc.EndpointHandlerMapping     : Mapped "{[/loggers/{name:.*}],methods=[GET],produces=[application/vnd.spring-boot.actuator.v1+json || application/json]}" onto public java.lang.Object org.springframework.boot.actuate.endpoint.mvc.LoggersMvcEndpoint.get(java.lang.String)
2018-04-02 16:36:30.492  INFO 10904 --- [main] o.s.b.a.e.mvc.EndpointHandlerMapping     : Mapped "{[/loggers/{name:.*}],methods=[POST],consumes=[application/vnd.spring-boot.actuator.v1+json || application/json],produces=[application/vnd.spring-boot.actuator.v1+json || application/json]}" onto public java.lang.Object org.springframework.boot.actuate.endpoint.mvc.LoggersMvcEndpoint.set(java.lang.String,java.util.Map<java.lang.String, java.lang.String>)
2018-04-02 16:36:30.492  INFO 10904 --- [main] o.s.b.a.e.mvc.EndpointHandlerMapping     : Mapped "{[/loggers || /loggers.json],methods=[GET],produces=[application/vnd.spring-boot.actuator.v1+json || application/json]}" onto public java.lang.Object org.springframework.boot.actuate.endpoint.mvc.EndpointMvcAdapter.invoke()
2018-04-02 16:36:30.492  INFO 10904 --- [main] o.s.b.a.e.mvc.EndpointHandlerMapping     : Mapped "{[/features || /features.json],methods=[GET],produces=[application/vnd.spring-boot.actuator.v1+json || application/json]}" onto public java.lang.Object org.springframework.boot.actuate.endpoint.mvc.EndpointMvcAdapter.invoke()
2018-04-02 16:36:30.493  INFO 10904 --- [main] o.s.b.a.e.mvc.EndpointHandlerMapping     : Mapped "{[/info || /info.json],methods=[GET],produces=[application/vnd.spring-boot.actuator.v1+json || application/json]}" onto public java.lang.Object org.springframework.boot.actuate.endpoint.mvc.EndpointMvcAdapter.invoke()
2018-04-02 16:36:30.493  INFO 10904 --- [main] o.s.b.a.e.mvc.EndpointHandlerMapping     : Mapped "{[/env/{name:.*}],methods=[GET],produces=[application/vnd.spring-boot.actuator.v1+json || application/json]}" onto public java.lang.Object org.springframework.boot.actuate.endpoint.mvc.EnvironmentMvcEndpoint.value(java.lang.String)
2018-04-02 16:36:30.494  INFO 10904 --- [main] o.s.b.a.e.mvc.EndpointHandlerMapping     : Mapped "{[/env || /env.json],methods=[GET],produces=[application/vnd.spring-boot.actuator.v1+json || application/json]}" onto public java.lang.Object org.springframework.boot.actuate.endpoint.mvc.EndpointMvcAdapter.invoke()
2018-04-02 16:36:30.494  INFO 10904 --- [main] o.s.b.a.e.mvc.EndpointHandlerMapping     : Mapped "{[/trace || /trace.json],methods=[GET],produces=[application/vnd.spring-boot.actuator.v1+json || application/json]}" onto public java.lang.Object org.springframework.boot.actuate.endpoint.mvc.EndpointMvcAdapter.invoke()
2018-04-02 16:36:30.494  INFO 10904 --- [main] o.s.b.a.e.mvc.EndpointHandlerMapping     : Mapped "{[/autoconfig || /autoconfig.json],methods=[GET],produces=[application/vnd.spring-boot.actuator.v1+json || application/json]}" onto public java.lang.Object org.springframework.boot.actuate.endpoint.mvc.EndpointMvcAdapter.invoke()
2018-04-02 16:36:30.495  INFO 10904 --- [main] o.s.b.a.e.mvc.EndpointHandlerMapping     : Mapped "{[/env],methods=[POST]}" onto public java.lang.Object org.springframework.cloud.context.environment.EnvironmentManagerMvcEndpoint.value(java.util.Map<java.lang.String, java.lang.String>)
2018-04-02 16:36:30.495  INFO 10904 --- [main] o.s.b.a.e.mvc.EndpointHandlerMapping     : Mapped "{[/env/reset],methods=[POST]}" onto public java.util.Map<java.lang.String, java.lang.Object> org.springframework.cloud.context.environment.EnvironmentManagerMvcEndpoint.reset()
2018-04-02 16:36:30.496  INFO 10904 --- [main] o.s.b.a.e.mvc.EndpointHandlerMapping     : Mapped "{[/archaius || /archaius.json],methods=[GET],produces=[application/vnd.spring-boot.actuator.v1+json || application/json]}" onto public java.lang.Object org.springframework.boot.actuate.endpoint.mvc.EndpointMvcAdapter.invoke()
2018-04-02 16:36:30.496  INFO 10904 --- [main] o.s.b.a.e.mvc.EndpointHandlerMapping     : Mapped "{[/refresh || /refresh.json],methods=[POST]}" onto public java.lang.Object org.springframework.cloud.endpoint.GenericPostableMvcEndpoint.invoke()
2018-04-02 16:36:30.497  INFO 10904 --- [main] o.s.b.a.e.mvc.EndpointHandlerMapping     : Mapped "{[/health || /health.json],methods=[GET],produces=[application/vnd.spring-boot.actuator.v1+json || application/json]}" onto public java.lang.Object org.springframework.boot.actuate.endpoint.mvc.HealthMvcEndpoint.invoke(javax.servlet.http.HttpServletRequest,java.security.Principal)
2018-04-02 16:36:30.497  INFO 10904 --- [main] o.s.b.a.e.mvc.EndpointHandlerMapping     : Mapped "{[/mappings || /mappings.json],methods=[GET],produces=[application/vnd.spring-boot.actuator.v1+json || application/json]}" onto public java.lang.Object org.springframework.boot.actuate.endpoint.mvc.EndpointMvcAdapter.invoke()
2018-04-02 16:36:30.498  INFO 10904 --- [main] o.s.b.a.e.mvc.EndpointHandlerMapping     : Mapped "{[/beans || /beans.json],methods=[GET],produces=[application/vnd.spring-boot.actuator.v1+json || application/json]}" onto public java.lang.Object org.springframework.boot.actuate.endpoint.mvc.EndpointMvcAdapter.invoke()
2018-04-02 16:36:30.498  INFO 10904 --- [main] o.s.b.a.e.mvc.EndpointHandlerMapping     : Mapped "{[/configprops || /configprops.json],methods=[GET],produces=[application/vnd.spring-boot.actuator.v1+json || application/json]}" onto public java.lang.Object org.springframework.boot.actuate.endpoint.mvc.EndpointMvcAdapter.invoke()
2018-04-02 16:36:30.499  INFO 10904 --- [main] o.s.b.a.e.mvc.EndpointHandlerMapping     : Mapped "{[/auditevents || /auditevents.json],methods=[GET],produces=[application/vnd.spring-boot.actuator.v1+json || application/json]}" onto public org.springframework.http.ResponseEntity<?> org.springframework.boot.actuate.endpoint.mvc.AuditEventsMvcEndpoint.findByPrincipalAndAfterAndType(java.lang.String,java.util.Date,java.lang.String)
2018-04-02 16:36:30.500  INFO 10904 --- [main] o.s.b.a.e.mvc.EndpointHandlerMapping     : Mapped "{[/metrics/{name:.*}],methods=[GET],produces=[application/vnd.spring-boot.actuator.v1+json || application/json]}" onto public java.lang.Object org.springframework.boot.actuate.endpoint.mvc.MetricsMvcEndpoint.value(java.lang.String)
2018-04-02 16:36:30.500  INFO 10904 --- [main] o.s.b.a.e.mvc.EndpointHandlerMapping     : Mapped "{[/metrics || /metrics.json],methods=[GET],produces=[application/vnd.spring-boot.actuator.v1+json || application/json]}" onto public java.lang.Object org.springframework.boot.actuate.endpoint.mvc.EndpointMvcAdapter.invoke()
2018-04-02 16:36:30.500  INFO 10904 --- [main] o.s.b.a.e.mvc.EndpointHandlerMapping     : Mapped "{[/service-registry/instance-status],methods=[GET]}" onto public org.springframework.http.ResponseEntity org.springframework.cloud.client.serviceregistry.endpoint.ServiceRegistryEndpoint.getStatus()
2018-04-02 16:36:30.500  INFO 10904 --- [main] o.s.b.a.e.mvc.EndpointHandlerMapping     : Mapped "{[/service-registry/instance-status],methods=[POST]}" onto public org.springframework.http.ResponseEntity<?> org.springframework.cloud.client.serviceregistry.endpoint.ServiceRegistryEndpoint.setStatus(java.lang.String)
2018-04-02 16:36:30.501  INFO 10904 --- [main] o.s.b.a.e.mvc.EndpointHandlerMapping     : Mapped "{[/heapdump || /heapdump.json],methods=[GET],produces=[application/octet-stream]}" onto public void org.springframework.boot.actuate.endpoint.mvc.HeapdumpMvcEndpoint.invoke(boolean,javax.servlet.http.HttpServletRequest,javax.servlet.http.HttpServletResponse) throws java.io.IOException,javax.servlet.ServletException
2018-04-02 16:36:30.503  INFO 10904 --- [main] o.s.b.a.e.mvc.EndpointHandlerMapping     : Mapped "{[/logfile || /logfile.json],methods=[GET || HEAD]}" onto public void org.springframework.boot.actuate.endpoint.mvc.LogFileMvcEndpoint.invoke(javax.servlet.http.HttpServletRequest,javax.servlet.http.HttpServletResponse) throws javax.servlet.ServletException,java.io.IOException
2018-04-02 16:36:30.503  INFO 10904 --- [main] o.s.b.a.e.mvc.EndpointHandlerMapping     : Mapped "{[/dump || /dump.json],methods=[GET],produces=[application/vnd.spring-boot.actuator.v1+json || application/json]}" onto public java.lang.Object org.springframework.boot.actuate.endpoint.mvc.EndpointMvcAdapter.invoke()
2018-04-02 16:36:30.765  WARN 10904 --- [main] arterDeprecationWarningAutoConfiguration : spring-cloud-starter-eureka is deprecated as of Spring Cloud Netflix 1.4.0, please migrate to spring-cloud-starter-netflix-eureka
2018-04-02 16:36:30.957  INFO 10904 --- [main] o.s.j.e.a.AnnotationMBeanExporter        : Registering beans for JMX exposure on startup
2018-04-02 16:36:30.967  INFO 10904 --- [main] o.s.j.e.a.AnnotationMBeanExporter        : Bean with name 'environmentManager' has been autodetected for JMX exposure
2018-04-02 16:36:30.968  INFO 10904 --- [main] o.s.j.e.a.AnnotationMBeanExporter        : Bean with name 'rabbitConnectionFactory' has been autodetected for JMX exposure
2018-04-02 16:36:30.969  INFO 10904 --- [main] o.s.j.e.a.AnnotationMBeanExporter        : Bean with name 'configurationPropertiesRebinder' has been autodetected for JMX exposure
2018-04-02 16:36:30.969  INFO 10904 --- [main] o.s.j.e.a.AnnotationMBeanExporter        : Bean with name 'refreshEndpoint' has been autodetected for JMX exposure
2018-04-02 16:36:30.970  INFO 10904 --- [main] o.s.j.e.a.AnnotationMBeanExporter        : Bean with name 'serviceRegistryEndpoint' has been autodetected for JMX exposure
2018-04-02 16:36:30.970  INFO 10904 --- [main] o.s.j.e.a.AnnotationMBeanExporter        : Bean with name 'refreshScope' has been autodetected for JMX exposure
2018-04-02 16:36:30.973  INFO 10904 --- [main] o.s.j.e.a.AnnotationMBeanExporter        : Located managed bean 'environmentManager': registering with JMX server as MBean [org.springframework.cloud.context.environment:name=environmentManager,type=EnvironmentManager]
2018-04-02 16:36:30.985  INFO 10904 --- [main] o.s.j.e.a.AnnotationMBeanExporter        : Located managed bean 'serviceRegistryEndpoint': registering with JMX server as MBean [org.springframework.cloud.client.serviceregistry.endpoint:name=serviceRegistryEndpoint,type=ServiceRegistryEndpoint]
2018-04-02 16:36:30.992  INFO 10904 --- [main] o.s.j.e.a.AnnotationMBeanExporter        : Located managed bean 'refreshScope': registering with JMX server as MBean [org.springframework.cloud.context.scope.refresh:name=refreshScope,type=RefreshScope]
2018-04-02 16:36:31.006  INFO 10904 --- [main] o.s.j.e.a.AnnotationMBeanExporter        : Located managed bean 'configurationPropertiesRebinder': registering with JMX server as MBean [org.springframework.cloud.context.properties:name=configurationPropertiesRebinder,context=35e478f,type=ConfigurationPropertiesRebinder]
2018-04-02 16:36:31.009  INFO 10904 --- [main] o.s.j.e.a.AnnotationMBeanExporter        : Located managed bean 'rabbitConnectionFactory': registering with JMX server as MBean [org.springframework.amqp.rabbit.connection:name=rabbitConnectionFactory,type=CachingConnectionFactory]
2018-04-02 16:36:31.020  INFO 10904 --- [main] o.s.j.e.a.AnnotationMBeanExporter        : Located managed bean 'refreshEndpoint': registering with JMX server as MBean [org.springframework.cloud.endpoint:name=refreshEndpoint,type=RefreshEndpoint]
2018-04-02 16:36:31.202  INFO 10904 --- [main] o.s.c.support.DefaultLifecycleProcessor  : Starting beans in phase 0
2018-04-02 16:36:31.252  INFO 10904 --- [main] o.s.c.n.eureka.InstanceInfoFactory       : Setting initial instance status as: STARTING
2018-04-02 16:36:31.285  INFO 10904 --- [main] com.netflix.discovery.DiscoveryClient    : Initializing Eureka in region us-east-1
2018-04-02 16:36:31.603  INFO 10904 --- [main] c.n.d.provider.DiscoveryJerseyProvider   : Using JSON encoding codec LegacyJacksonJson
2018-04-02 16:36:31.603  INFO 10904 --- [main] c.n.d.provider.DiscoveryJerseyProvider   : Using JSON decoding codec LegacyJacksonJson
2018-04-02 16:36:31.697  INFO 10904 --- [main] c.n.d.provider.DiscoveryJerseyProvider   : Using XML encoding codec XStreamXml
2018-04-02 16:36:31.697  INFO 10904 --- [main] c.n.d.provider.DiscoveryJerseyProvider   : Using XML decoding codec XStreamXml
2018-04-02 16:36:31.967  INFO 10904 --- [main] c.n.d.s.r.aws.ConfigClusterResolver      : Resolving eureka endpoints via configuration
2018-04-02 16:36:32.071  INFO 10904 --- [main] com.netflix.discovery.DiscoveryClient    : Disable delta property : false
2018-04-02 16:36:32.071  INFO 10904 --- [main] com.netflix.discovery.DiscoveryClient    : Single vip registry refresh property : null
2018-04-02 16:36:32.071  INFO 10904 --- [main] com.netflix.discovery.DiscoveryClient    : Force full registry fetch : false
2018-04-02 16:36:32.071  INFO 10904 --- [main] com.netflix.discovery.DiscoveryClient    : Application is null : false
2018-04-02 16:36:32.071  INFO 10904 --- [main] com.netflix.discovery.DiscoveryClient    : Registered Applications size is zero : true
2018-04-02 16:36:32.071  INFO 10904 --- [main] com.netflix.discovery.DiscoveryClient    : Application version is -1: true
2018-04-02 16:36:32.071  INFO 10904 --- [main] com.netflix.discovery.DiscoveryClient    : Getting all instance registry info from the eureka server
2018-04-02 16:36:32.200  INFO 10904 --- [main] com.netflix.discovery.DiscoveryClient    : The response status is 200
2018-04-02 16:36:32.201  INFO 10904 --- [main] com.netflix.discovery.DiscoveryClient    : Starting heartbeat executor: renew interval is: 30
2018-04-02 16:36:32.204  INFO 10904 --- [main] c.n.discovery.InstanceInfoReplicator     : InstanceInfoReplicator onDemand update allowed rate per min is 4
2018-04-02 16:36:32.206  INFO 10904 --- [main] com.netflix.discovery.DiscoveryClient    : Discovery Client initialized at timestamp 1522658192206 with initial instances count: 2
2018-04-02 16:36:32.215  INFO 10904 --- [main] o.s.c.n.e.s.EurekaServiceRegistry        : Registering application app with eureka with status UP
2018-04-02 16:36:32.216  INFO 10904 --- [main] com.netflix.discovery.DiscoveryClient    : Saw local status change event StatusChangeEvent [timestamp=1522658192216, current=UP, previous=STARTING]
2018-04-02 16:36:32.223  INFO 10904 --- [DiscoveryClient-InstanceInfoReplicator-0] com.netflix.discovery.DiscoveryClient    : DiscoveryClient_APP/XT-20170531ETYS:app:18532: registering service...
2018-04-02 16:36:32.266  INFO 10904 --- [main] o.s.c.support.DefaultLifecycleProcessor  : Starting beans in phase 2147483647
2018-04-02 16:36:32.283  INFO 10904 --- [DiscoveryClient-InstanceInfoReplicator-0] com.netflix.discovery.DiscoveryClient    : DiscoveryClient_APP/XT-20170531ETYS:app:18532 - registration status: 204
2018-04-02 16:36:32.342  INFO 10904 --- [main] s.b.c.e.t.TomcatEmbeddedServletContainer : Tomcat started on port(s): 18532 (http)
2018-04-02 16:36:32.344  INFO 10904 --- [main] .s.c.n.e.s.EurekaAutoServiceRegistration : Updating port to 18532
2018-04-02 16:36:32.358  INFO 10904 --- [main] com.scd.app.AppApplication               : Started AppApplication in 9.54 seconds (JVM running for 10.12)
2018-04-02 16:41:32.078  INFO 10904 --- [AsyncResolver-bootstrap-executor-0] c.n.d.s.r.aws.ConfigClusterResolver      : Resolving eureka endpoints via configuration
2018-04-02 16:46:32.085  INFO 10904 --- [AsyncResolver-bootstrap-executor-0] c.n.d.s.r.aws.ConfigClusterResolver      : Resolving eureka endpoints via configuration
2018-04-02 16:51:32.091  INFO 10904 --- [AsyncResolver-bootstrap-executor-0] c.n.d.s.r.aws.ConfigClusterResolver      : Resolving eureka endpoints via configuration
2018-04-02 16:56:32.097  INFO 10904 --- [AsyncResolver-bootstrap-executor-0] c.n.d.s.r.aws.ConfigClusterResolver      : Resolving eureka endpoints via configuration
2018-04-02 17:01:32.409  INFO 10904 --- [AsyncResolver-bootstrap-executor-0] c.n.d.s.r.aws.ConfigClusterResolver      : Resolving eureka endpoints via configuration
2018-04-02 17:06:32.415  INFO 10904 --- [AsyncResolver-bootstrap-executor-0] c.n.d.s.r.aws.ConfigClusterResolver      : Resolving eureka endpoints via configuration
2018-04-02 17:11:32.421  INFO 10904 --- [AsyncResolver-bootstrap-executor-0] c.n.d.s.r.aws.ConfigClusterResolver      : Resolving eureka endpoints via configuration
2018-04-02 17:16:32.428  INFO 10904 --- [AsyncResolver-bootstrap-executor-0] c.n.d.s.r.aws.ConfigClusterResolver      : Resolving eureka endpoints via configuration
2018-04-02 17:21:32.434  INFO 10904 --- [AsyncResolver-bootstrap-executor-0] c.n.d.s.r.aws.ConfigClusterResolver      : Resolving eureka endpoints via configuration
2018-04-02 17:26:32.440  INFO 10904 --- [AsyncResolver-bootstrap-executor-0] c.n.d.s.r.aws.ConfigClusterResolver      : Resolving eureka endpoints via configuration
2018-04-02 17:31:32.446  INFO 10904 --- [AsyncResolver-bootstrap-executor-0] c.n.d.s.r.aws.ConfigClusterResolver      : Resolving eureka endpoints via configuration
2018-04-02 17:36:32.452  INFO 10904 --- [AsyncResolver-bootstrap-executor-0] c.n.d.s.r.aws.ConfigClusterResolver      : Resolving eureka endpoints via configuration
2018-04-02 17:41:32.458  INFO 10904 --- [AsyncResolver-bootstrap-executor-0] c.n.d.s.r.aws.ConfigClusterResolver      : Resolving eureka endpoints via configuration
