2018-04-02 16:36:43.417  INFO 13004 --- [main] com.scd.admin.AdminApplication           : No active profile set, falling back to default profiles: default
2018-04-02 16:36:43.435  INFO 13004 --- [main] ationConfigEmbeddedWebApplicationContext : Refreshing org.springframework.boot.context.embedded.AnnotationConfigEmbeddedWebApplicationContext@61f3fbb8: startup date [Mon Apr 02 16:36:43 CST 2018]; parent: org.springframework.context.annotation.AnnotationConfigApplicationContext@598bd2ba
2018-04-02 16:36:44.594  INFO 13004 --- [main] o.s.cloud.context.scope.GenericScope     : BeanFactory id=4bf93798-bd80-3736-9b36-cd411dba54f3
2018-04-02 16:36:44.617  INFO 13004 --- [main] f.a.AutowiredAnnotationBeanPostProcessor : JSR-330 'javax.inject.Inject' annotation found and supported for autowiring
2018-04-02 16:36:44.648  INFO 13004 --- [main] trationDelegate$BeanPostProcessorChecker : Bean 'com.scd.admin.feign.FAccount' of type [org.springframework.cloud.netflix.feign.FeignClientFactoryBean] is not eligible for getting processed by all BeanPostProcessors (for example: not eligible for auto-proxying)
2018-04-02 16:36:44.649  INFO 13004 --- [main] trationDelegate$BeanPostProcessorChecker : Bean 'com.scd.admin.feign.FCarousel' of type [org.springframework.cloud.netflix.feign.FeignClientFactoryBean] is not eligible for getting processed by all BeanPostProcessors (for example: not eligible for auto-proxying)
2018-04-02 16:36:44.650  INFO 13004 --- [main] trationDelegate$BeanPostProcessorChecker : Bean 'com.scd.admin.feign.FCommodity' of type [org.springframework.cloud.netflix.feign.FeignClientFactoryBean] is not eligible for getting processed by all BeanPostProcessors (for example: not eligible for auto-proxying)
2018-04-02 16:36:44.651  INFO 13004 --- [main] trationDelegate$BeanPostProcessorChecker : Bean 'com.scd.admin.feign.FCommon' of type [org.springframework.cloud.netflix.feign.FeignClientFactoryBean] is not eligible for getting processed by all BeanPostProcessors (for example: not eligible for auto-proxying)
2018-04-02 16:36:44.651  INFO 13004 --- [main] trationDelegate$BeanPostProcessorChecker : Bean 'com.scd.admin.feign.FCommunity' of type [org.springframework.cloud.netflix.feign.FeignClientFactoryBean] is not eligible for getting processed by all BeanPostProcessors (for example: not eligible for auto-proxying)
2018-04-02 16:36:44.652  INFO 13004 --- [main] trationDelegate$BeanPostProcessorChecker : Bean 'com.scd.admin.feign.FExpenses' of type [org.springframework.cloud.netflix.feign.FeignClientFactoryBean] is not eligible for getting processed by all BeanPostProcessors (for example: not eligible for auto-proxying)
2018-04-02 16:36:44.653  INFO 13004 --- [main] trationDelegate$BeanPostProcessorChecker : Bean 'com.scd.admin.feign.FKd100' of type [org.springframework.cloud.netflix.feign.FeignClientFactoryBean] is not eligible for getting processed by all BeanPostProcessors (for example: not eligible for auto-proxying)
2018-04-02 16:36:44.654  INFO 13004 --- [main] trationDelegate$BeanPostProcessorChecker : Bean 'com.scd.admin.feign.FMessage' of type [org.springframework.cloud.netflix.feign.FeignClientFactoryBean] is not eligible for getting processed by all BeanPostProcessors (for example: not eligible for auto-proxying)
2018-04-02 16:36:44.655  INFO 13004 --- [main] trationDelegate$BeanPostProcessorChecker : Bean 'com.scd.admin.feign.FOrder' of type [org.springframework.cloud.netflix.feign.FeignClientFactoryBean] is not eligible for getting processed by all BeanPostProcessors (for example: not eligible for auto-proxying)
2018-04-02 16:36:44.657  INFO 13004 --- [main] trationDelegate$BeanPostProcessorChecker : Bean 'com.scd.admin.feign.FPayRecord' of type [org.springframework.cloud.netflix.feign.FeignClientFactoryBean] is not eligible for getting processed by all BeanPostProcessors (for example: not eligible for auto-proxying)
2018-04-02 16:36:44.658  INFO 13004 --- [main] trationDelegate$BeanPostProcessorChecker : Bean 'com.scd.admin.feign.FRemind' of type [org.springframework.cloud.netflix.feign.FeignClientFactoryBean] is not eligible for getting processed by all BeanPostProcessors (for example: not eligible for auto-proxying)
2018-04-02 16:36:44.659  INFO 13004 --- [main] trationDelegate$BeanPostProcessorChecker : Bean 'com.scd.admin.feign.FRich' of type [org.springframework.cloud.netflix.feign.FeignClientFactoryBean] is not eligible for getting processed by all BeanPostProcessors (for example: not eligible for auto-proxying)
2018-04-02 16:36:44.659  INFO 13004 --- [main] trationDelegate$BeanPostProcessorChecker : Bean 'com.scd.admin.feign.FShop' of type [org.springframework.cloud.netflix.feign.FeignClientFactoryBean] is not eligible for getting processed by all BeanPostProcessors (for example: not eligible for auto-proxying)
2018-04-02 16:36:44.660  INFO 13004 --- [main] trationDelegate$BeanPostProcessorChecker : Bean 'com.scd.admin.feign.FShopActivity' of type [org.springframework.cloud.netflix.feign.FeignClientFactoryBean] is not eligible for getting processed by all BeanPostProcessors (for example: not eligible for auto-proxying)
2018-04-02 16:36:44.661  INFO 13004 --- [main] trationDelegate$BeanPostProcessorChecker : Bean 'com.scd.admin.feign.FVersion' of type [org.springframework.cloud.netflix.feign.FeignClientFactoryBean] is not eligible for getting processed by all BeanPostProcessors (for example: not eligible for auto-proxying)
2018-04-02 16:36:44.837  INFO 13004 --- [main] trationDelegate$BeanPostProcessorChecker : Bean 'org.springframework.transaction.annotation.ProxyTransactionManagementConfiguration' of type [org.springframework.transaction.annotation.ProxyTransactionManagementConfiguration$$EnhancerBySpringCGLIB$$35d0a371] is not eligible for getting processed by all BeanPostProcessors (for example: not eligible for auto-proxying)
2018-04-02 16:36:44.991  INFO 13004 --- [main] trationDelegate$BeanPostProcessorChecker : Bean 'org.springframework.cloud.netflix.metrics.MetricsInterceptorConfiguration$MetricsRestTemplateConfiguration' of type [org.springframework.cloud.netflix.metrics.MetricsInterceptorConfiguration$MetricsRestTemplateConfiguration$$EnhancerBySpringCGLIB$$67fd49b2] is not eligible for getting processed by all BeanPostProcessors (for example: not eligible for auto-proxying)
2018-04-02 16:36:45.012  INFO 13004 --- [main] trationDelegate$BeanPostProcessorChecker : Bean 'org.springframework.cloud.autoconfigure.ConfigurationPropertiesRebinderAutoConfiguration' of type [org.springframework.cloud.autoconfigure.ConfigurationPropertiesRebinderAutoConfiguration$$EnhancerBySpringCGLIB$$51eaa66e] is not eligible for getting processed by all BeanPostProcessors (for example: not eligible for auto-proxying)
2018-04-02 16:36:45.556  INFO 13004 --- [main] s.b.c.e.t.TomcatEmbeddedServletContainer : Tomcat initialized with port(s): 18531 (http)
2018-04-02 16:36:45.568  INFO 13004 --- [main] o.apache.catalina.core.StandardService   : Starting service [Tomcat]
2018-04-02 16:36:45.569  INFO 13004 --- [main] org.apache.catalina.core.StandardEngine  : Starting Servlet Engine: Apache Tomcat/8.5.27
2018-04-02 16:36:45.748  INFO 13004 --- [localhost-startStop-1] o.a.c.c.C.[Tomcat].[localhost].[/]       : Initializing Spring embedded WebApplicationContext
2018-04-02 16:36:45.748  INFO 13004 --- [localhost-startStop-1] o.s.web.context.ContextLoader            : Root WebApplicationContext: initialization completed in 2313 ms
2018-04-02 16:36:46.053  INFO 13004 --- [localhost-startStop-1] o.s.b.w.servlet.ServletRegistrationBean  : Mapping servlet: 'dispatcherServlet' to [/]
2018-04-02 16:36:46.058  INFO 13004 --- [localhost-startStop-1] o.s.b.w.servlet.FilterRegistrationBean   : Mapping filter: 'metricsFilter' to: [/*]
2018-04-02 16:36:46.058  INFO 13004 --- [localhost-startStop-1] o.s.b.w.servlet.FilterRegistrationBean   : Mapping filter: 'characterEncodingFilter' to: [/*]
2018-04-02 16:36:46.058  INFO 13004 --- [localhost-startStop-1] o.s.b.w.servlet.FilterRegistrationBean   : Mapping filter: 'hiddenHttpMethodFilter' to: [/*]
2018-04-02 16:36:46.058  INFO 13004 --- [localhost-startStop-1] o.s.b.w.servlet.FilterRegistrationBean   : Mapping filter: 'httpPutFormContentFilter' to: [/*]
2018-04-02 16:36:46.058  INFO 13004 --- [localhost-startStop-1] o.s.b.w.servlet.FilterRegistrationBean   : Mapping filter: 'requestContextFilter' to: [/*]
2018-04-02 16:36:46.059  INFO 13004 --- [localhost-startStop-1] o.s.b.w.servlet.FilterRegistrationBean   : Mapping filter: 'webRequestLoggingFilter' to: [/*]
2018-04-02 16:36:46.059  INFO 13004 --- [localhost-startStop-1] o.s.b.w.servlet.FilterRegistrationBean   : Mapping filter: 'applicationContextIdFilter' to: [/*]
2018-04-02 16:36:46.361  INFO 13004 --- [main] j.LocalContainerEntityManagerFactoryBean : Building JPA container EntityManagerFactory for persistence unit 'default'
2018-04-02 16:36:46.380  INFO 13004 --- [main] o.hibernate.jpa.internal.util.LogHelper  : HHH000204: Processing PersistenceUnitInfo [
	name: default
	...]
2018-04-02 16:36:46.455  INFO 13004 --- [main] org.hibernate.Version                    : HHH000412: Hibernate Core {5.0.12.Final}
2018-04-02 16:36:46.456  INFO 13004 --- [main] org.hibernate.cfg.Environment            : HHH000206: hibernate.properties not found
2018-04-02 16:36:46.458  INFO 13004 --- [main] org.hibernate.cfg.Environment            : HHH000021: Bytecode provider name : javassist
2018-04-02 16:36:46.510  INFO 13004 --- [main] o.hibernate.annotations.common.Version   : HCANN000001: Hibernate Commons Annotations {5.0.1.Final}
2018-04-02 16:36:46.905  INFO 13004 --- [main] org.hibernate.dialect.Dialect            : HHH000400: Using dialect: org.hibernate.dialect.MySQL5Dialect
2018-04-02 16:36:47.343  INFO 13004 --- [main] org.hibernate.tool.hbm2ddl.SchemaUpdate  : HHH000228: Running hbm2ddl schema update
2018-04-02 16:36:47.449  INFO 13004 --- [main] j.LocalContainerEntityManagerFactoryBean : Initialized JPA EntityManagerFactory for persistence unit 'default'
2018-04-02 16:36:47.505  INFO 13004 --- [main] s.c.a.AnnotationConfigApplicationContext : Refreshing org.springframework.context.annotation.AnnotationConfigApplicationContext@6885f3f7: startup date [Mon Apr 02 16:36:47 CST 2018]; parent: org.springframework.boot.context.embedded.AnnotationConfigEmbeddedWebApplicationContext@61f3fbb8
2018-04-02 16:36:47.522  INFO 13004 --- [main] f.a.AutowiredAnnotationBeanPostProcessor : JSR-330 'javax.inject.Inject' annotation found and supported for autowiring
2018-04-02 16:36:48.667  WARN 13004 --- [main] c.n.c.sources.URLConfigurationSource     : No URLs will be polled as dynamic configuration sources.
2018-04-02 16:36:48.667  INFO 13004 --- [main] c.n.c.sources.URLConfigurationSource     : To enable URLs as dynamic configuration sources, define System property archaius.configurationSource.additionalUrls or make config.properties available on classpath.
2018-04-02 16:36:48.673  WARN 13004 --- [main] c.n.c.sources.URLConfigurationSource     : No URLs will be polled as dynamic configuration sources.
2018-04-02 16:36:48.673  INFO 13004 --- [main] c.n.c.sources.URLConfigurationSource     : To enable URLs as dynamic configuration sources, define System property archaius.configurationSource.additionalUrls or make config.properties available on classpath.
2018-04-02 16:36:48.876  INFO 13004 --- [main] s.w.s.m.m.a.RequestMappingHandlerAdapter : Looking for @ControllerAdvice: org.springframework.boot.context.embedded.AnnotationConfigEmbeddedWebApplicationContext@61f3fbb8: startup date [Mon Apr 02 16:36:43 CST 2018]; parent: org.springframework.context.annotation.AnnotationConfigApplicationContext@598bd2ba
2018-04-02 16:36:49.006  INFO 13004 --- [main] s.w.s.m.m.a.RequestMappingHandlerMapping : Mapped "{[/account/state],methods=[POST]}" onto public java.lang.String com.scd.admin.controller.AccountController.add(javax.servlet.http.HttpServletRequest)
2018-04-02 16:36:49.007  INFO 13004 --- [main] s.w.s.m.m.a.RequestMappingHandlerMapping : Mapped "{[/account/list],methods=[POST]}" onto public java.lang.String com.scd.admin.controller.AccountController.list(javax.servlet.http.HttpServletRequest)
2018-04-02 16:36:49.009  INFO 13004 --- [main] s.w.s.m.m.a.RequestMappingHandlerMapping : Mapped "{[/carousel/add],methods=[POST]}" onto public java.lang.String com.scd.admin.controller.CarouselController.add(javax.servlet.http.HttpServletRequest)
2018-04-02 16:36:49.009  INFO 13004 --- [main] s.w.s.m.m.a.RequestMappingHandlerMapping : Mapped "{[/carousel/list],methods=[POST]}" onto public java.lang.String com.scd.admin.controller.CarouselController.list(javax.servlet.http.HttpServletRequest)
2018-04-02 16:36:49.009  INFO 13004 --- [main] s.w.s.m.m.a.RequestMappingHandlerMapping : Mapped "{[/carousel/batchDel],methods=[POST]}" onto public java.lang.String com.scd.admin.controller.CarouselController.batchDel(javax.servlet.http.HttpServletRequest)
2018-04-02 16:36:49.009  INFO 13004 --- [main] s.w.s.m.m.a.RequestMappingHandlerMapping : Mapped "{[/carousel/del],methods=[POST]}" onto public java.lang.String com.scd.admin.controller.CarouselController.del(javax.servlet.http.HttpServletRequest)
2018-04-02 16:36:49.009  INFO 13004 --- [main] s.w.s.m.m.a.RequestMappingHandlerMapping : Mapped "{[/carousel/edit],methods=[POST]}" onto public java.lang.String com.scd.admin.controller.CarouselController.edit(javax.servlet.http.HttpServletRequest)
2018-04-02 16:36:49.012  INFO 13004 --- [main] s.w.s.m.m.a.RequestMappingHandlerMapping : Mapped "{[/commodity/add],methods=[POST]}" onto public java.lang.String com.scd.admin.controller.CommodityController.add(javax.servlet.http.HttpServletRequest)
2018-04-02 16:36:49.013  INFO 13004 --- [main] s.w.s.m.m.a.RequestMappingHandlerMapping : Mapped "{[/commodity/list],methods=[POST]}" onto public java.lang.String com.scd.admin.controller.CommodityController.list(javax.servlet.http.HttpServletRequest)
2018-04-02 16:36:49.013  INFO 13004 --- [main] s.w.s.m.m.a.RequestMappingHandlerMapping : Mapped "{[/commodity/setState],methods=[POST]}" onto public java.lang.String com.scd.admin.controller.CommodityController.setState(javax.servlet.http.HttpServletRequest)
2018-04-02 16:36:49.013  INFO 13004 --- [main] s.w.s.m.m.a.RequestMappingHandlerMapping : Mapped "{[/commodity/batchDel],methods=[POST]}" onto public java.lang.String com.scd.admin.controller.CommodityController.batchDel(javax.servlet.http.HttpServletRequest)
2018-04-02 16:36:49.013  INFO 13004 --- [main] s.w.s.m.m.a.RequestMappingHandlerMapping : Mapped "{[/commodity/del],methods=[POST]}" onto public java.lang.String com.scd.admin.controller.CommodityController.del(javax.servlet.http.HttpServletRequest)
2018-04-02 16:36:49.013  INFO 13004 --- [main] s.w.s.m.m.a.RequestMappingHandlerMapping : Mapped "{[/commodity/edit],methods=[POST]}" onto public java.lang.String com.scd.admin.controller.CommodityController.edit(javax.servlet.http.HttpServletRequest)
2018-04-02 16:36:49.014  INFO 13004 --- [main] s.w.s.m.m.a.RequestMappingHandlerMapping : Mapped "{[/commodity/attrList],methods=[POST]}" onto public java.lang.String com.scd.admin.controller.CommodityController.attrList(javax.servlet.http.HttpServletRequest)
2018-04-02 16:36:49.014  INFO 13004 --- [main] s.w.s.m.m.a.RequestMappingHandlerMapping : Mapped "{[/commodity/attrAdd],methods=[POST]}" onto public java.lang.String com.scd.admin.controller.CommodityController.attrAdd(javax.servlet.http.HttpServletRequest)
2018-04-02 16:36:49.014  INFO 13004 --- [main] s.w.s.m.m.a.RequestMappingHandlerMapping : Mapped "{[/commodity/attrEdit],methods=[POST]}" onto public java.lang.String com.scd.admin.controller.CommodityController.attrEdit(javax.servlet.http.HttpServletRequest)
2018-04-02 16:36:49.014  INFO 13004 --- [main] s.w.s.m.m.a.RequestMappingHandlerMapping : Mapped "{[/commodity/attrDel],methods=[POST]}" onto public java.lang.String com.scd.admin.controller.CommodityController.attrDel(javax.servlet.http.HttpServletRequest)
2018-04-02 16:36:49.014  INFO 13004 --- [main] s.w.s.m.m.a.RequestMappingHandlerMapping : Mapped "{[/commodity/attrBatchDel],methods=[POST]}" onto public java.lang.String com.scd.admin.controller.CommodityController.attrBatchDel(javax.servlet.http.HttpServletRequest)
2018-04-02 16:36:49.015  INFO 13004 --- [main] s.w.s.m.m.a.RequestMappingHandlerMapping : Mapped "{[/common/getAreaChild],methods=[POST]}" onto public java.lang.String com.scd.admin.controller.CommonController.getAreaChild(javax.servlet.http.HttpServletRequest)
2018-04-02 16:36:49.015  INFO 13004 --- [main] s.w.s.m.m.a.RequestMappingHandlerMapping : Mapped "{[/community/add],methods=[POST]}" onto public java.lang.String com.scd.admin.controller.CommunityController.add(javax.servlet.http.HttpServletRequest)
2018-04-02 16:36:49.016  INFO 13004 --- [main] s.w.s.m.m.a.RequestMappingHandlerMapping : Mapped "{[/community/list],methods=[POST]}" onto public java.lang.String com.scd.admin.controller.CommunityController.list(javax.servlet.http.HttpServletRequest)
2018-04-02 16:36:49.016  INFO 13004 --- [main] s.w.s.m.m.a.RequestMappingHandlerMapping : Mapped "{[/community/batchDel],methods=[POST]}" onto public java.lang.String com.scd.admin.controller.CommunityController.batchDel(javax.servlet.http.HttpServletRequest)
2018-04-02 16:36:49.016  INFO 13004 --- [main] s.w.s.m.m.a.RequestMappingHandlerMapping : Mapped "{[/community/del],methods=[POST]}" onto public java.lang.String com.scd.admin.controller.CommunityController.del(javax.servlet.http.HttpServletRequest)
2018-04-02 16:36:49.016  INFO 13004 --- [main] s.w.s.m.m.a.RequestMappingHandlerMapping : Mapped "{[/community/edit],methods=[POST]}" onto public java.lang.String com.scd.admin.controller.CommunityController.edit(javax.servlet.http.HttpServletRequest)
2018-04-02 16:36:49.017  INFO 13004 --- [main] s.w.s.m.m.a.RequestMappingHandlerMapping : Mapped "{[/expenses/add],methods=[POST]}" onto public java.lang.String com.scd.admin.controller.ExpensesController.add(javax.servlet.http.HttpServletRequest)
2018-04-02 16:36:49.017  INFO 13004 --- [main] s.w.s.m.m.a.RequestMappingHandlerMapping : Mapped "{[/expenses/list],methods=[POST]}" onto public java.lang.String com.scd.admin.controller.ExpensesController.list(javax.servlet.http.HttpServletRequest)
2018-04-02 16:36:49.017  INFO 13004 --- [main] s.w.s.m.m.a.RequestMappingHandlerMapping : Mapped "{[/expenses/batchDel],methods=[POST]}" onto public java.lang.String com.scd.admin.controller.ExpensesController.batchDel(javax.servlet.http.HttpServletRequest)
2018-04-02 16:36:49.017  INFO 13004 --- [main] s.w.s.m.m.a.RequestMappingHandlerMapping : Mapped "{[/expenses/del],methods=[POST]}" onto public java.lang.String com.scd.admin.controller.ExpensesController.del(javax.servlet.http.HttpServletRequest)
2018-04-02 16:36:49.017  INFO 13004 --- [main] s.w.s.m.m.a.RequestMappingHandlerMapping : Mapped "{[/expenses/edit],methods=[POST]}" onto public java.lang.String com.scd.admin.controller.ExpensesController.edit(javax.servlet.http.HttpServletRequest)
2018-04-02 16:36:49.018  INFO 13004 --- [main] s.w.s.m.m.a.RequestMappingHandlerMapping : Mapped "{[/file/upload],methods=[POST]}" onto public java.lang.String com.scd.admin.controller.FileController.upload(javax.servlet.http.HttpServletRequest,org.springframework.web.multipart.MultipartFile)
2018-04-02 16:36:49.019  INFO 13004 --- [main] s.w.s.m.m.a.RequestMappingHandlerMapping : Mapped "{[/kd100/add],methods=[POST]}" onto public java.lang.String com.scd.admin.controller.Kd100Controller.add(javax.servlet.http.HttpServletRequest)
2018-04-02 16:36:49.019  INFO 13004 --- [main] s.w.s.m.m.a.RequestMappingHandlerMapping : Mapped "{[/kd100/list],methods=[POST]}" onto public java.lang.String com.scd.admin.controller.Kd100Controller.list(javax.servlet.http.HttpServletRequest)
2018-04-02 16:36:49.019  INFO 13004 --- [main] s.w.s.m.m.a.RequestMappingHandlerMapping : Mapped "{[/kd100/getAll],methods=[POST]}" onto public java.lang.String com.scd.admin.controller.Kd100Controller.getAll(javax.servlet.http.HttpServletRequest)
2018-04-02 16:36:49.019  INFO 13004 --- [main] s.w.s.m.m.a.RequestMappingHandlerMapping : Mapped "{[/kd100/batchDel],methods=[POST]}" onto public java.lang.String com.scd.admin.controller.Kd100Controller.batchDel(javax.servlet.http.HttpServletRequest)
2018-04-02 16:36:49.019  INFO 13004 --- [main] s.w.s.m.m.a.RequestMappingHandlerMapping : Mapped "{[/kd100/del],methods=[POST]}" onto public java.lang.String com.scd.admin.controller.Kd100Controller.del(javax.servlet.http.HttpServletRequest)
2018-04-02 16:36:49.019  INFO 13004 --- [main] s.w.s.m.m.a.RequestMappingHandlerMapping : Mapped "{[/kd100/edit],methods=[POST]}" onto public java.lang.String com.scd.admin.controller.Kd100Controller.edit(javax.servlet.http.HttpServletRequest)
2018-04-02 16:36:49.020  INFO 13004 --- [main] s.w.s.m.m.a.RequestMappingHandlerMapping : Mapped "{[/mn/login],methods=[POST]}" onto public java.lang.String com.scd.admin.controller.MainController.login(javax.servlet.http.HttpServletRequest)
2018-04-02 16:36:49.020  INFO 13004 --- [main] s.w.s.m.m.a.RequestMappingHandlerMapping : Mapped "{[/mn/logout],methods=[POST]}" onto public java.lang.String com.scd.admin.controller.MainController.logout(javax.servlet.http.HttpServletRequest)
2018-04-02 16:36:49.020  INFO 13004 --- [main] s.w.s.m.m.a.RequestMappingHandlerMapping : Mapped "{[/mn/menuNav],methods=[POST]}" onto public java.lang.String com.scd.admin.controller.MainController.menuNav(javax.servlet.http.HttpServletRequest)
2018-04-02 16:36:49.021  INFO 13004 --- [main] s.w.s.m.m.a.RequestMappingHandlerMapping : Mapped "{[/message/add],methods=[POST]}" onto public java.lang.String com.scd.admin.controller.MessageController.add(javax.servlet.http.HttpServletRequest)
2018-04-02 16:36:49.021  INFO 13004 --- [main] s.w.s.m.m.a.RequestMappingHandlerMapping : Mapped "{[/message/push],methods=[POST]}" onto public java.lang.String com.scd.admin.controller.MessageController.push(javax.servlet.http.HttpServletRequest)
2018-04-02 16:36:49.021  INFO 13004 --- [main] s.w.s.m.m.a.RequestMappingHandlerMapping : Mapped "{[/message/list],methods=[POST]}" onto public java.lang.String com.scd.admin.controller.MessageController.list(javax.servlet.http.HttpServletRequest)
2018-04-02 16:36:49.021  INFO 13004 --- [main] s.w.s.m.m.a.RequestMappingHandlerMapping : Mapped "{[/message/batchDel],methods=[POST]}" onto public java.lang.String com.scd.admin.controller.MessageController.batchDel(javax.servlet.http.HttpServletRequest)
2018-04-02 16:36:49.021  INFO 13004 --- [main] s.w.s.m.m.a.RequestMappingHandlerMapping : Mapped "{[/message/del],methods=[POST]}" onto public java.lang.String com.scd.admin.controller.MessageController.del(javax.servlet.http.HttpServletRequest)
2018-04-02 16:36:49.022  INFO 13004 --- [main] s.w.s.m.m.a.RequestMappingHandlerMapping : Mapped "{[/order/list],methods=[POST]}" onto public java.lang.String com.scd.admin.controller.OrderController.list(javax.servlet.http.HttpServletRequest)
2018-04-02 16:36:49.022  INFO 13004 --- [main] s.w.s.m.m.a.RequestMappingHandlerMapping : Mapped "{[/order/sendGoods],methods=[POST]}" onto public java.lang.String com.scd.admin.controller.OrderController.sendGoods(javax.servlet.http.HttpServletRequest)
2018-04-02 16:36:49.022  INFO 13004 --- [main] s.w.s.m.m.a.RequestMappingHandlerMapping : Mapped "{[/payRecord/list],methods=[POST]}" onto public java.lang.String com.scd.admin.controller.PayRecordController.list(javax.servlet.http.HttpServletRequest)
2018-04-02 16:36:49.023  INFO 13004 --- [main] s.w.s.m.m.a.RequestMappingHandlerMapping : Mapped "{[/remind/list],methods=[POST]}" onto public java.lang.String com.scd.admin.controller.RemindController.list(javax.servlet.http.HttpServletRequest)
2018-04-02 16:36:49.023  INFO 13004 --- [main] s.w.s.m.m.a.RequestMappingHandlerMapping : Mapped "{[/remind/ignore],methods=[POST]}" onto public java.lang.String com.scd.admin.controller.RemindController.ignore(javax.servlet.http.HttpServletRequest)
2018-04-02 16:36:49.023  INFO 13004 --- [main] s.w.s.m.m.a.RequestMappingHandlerMapping : Mapped "{[/rich/submit],methods=[POST]}" onto public java.lang.String com.scd.admin.controller.RichController.submit(javax.servlet.http.HttpServletRequest)
2018-04-02 16:36:49.023  INFO 13004 --- [main] s.w.s.m.m.a.RequestMappingHandlerMapping : Mapped "{[/rich/selectOne],methods=[POST]}" onto public java.lang.String com.scd.admin.controller.RichController.selectOne(javax.servlet.http.HttpServletRequest)
2018-04-02 16:36:49.024  INFO 13004 --- [main] s.w.s.m.m.a.RequestMappingHandlerMapping : Mapped "{[/shopActivity/add],methods=[POST]}" onto public java.lang.String com.scd.admin.controller.ShopActivityController.add(javax.servlet.http.HttpServletRequest)
2018-04-02 16:36:49.024  INFO 13004 --- [main] s.w.s.m.m.a.RequestMappingHandlerMapping : Mapped "{[/shopActivity/list],methods=[POST]}" onto public java.lang.String com.scd.admin.controller.ShopActivityController.list(javax.servlet.http.HttpServletRequest)
2018-04-02 16:36:49.024  INFO 13004 --- [main] s.w.s.m.m.a.RequestMappingHandlerMapping : Mapped "{[/shopActivity/batchDel],methods=[POST]}" onto public java.lang.String com.scd.admin.controller.ShopActivityController.batchDel(javax.servlet.http.HttpServletRequest)
2018-04-02 16:36:49.024  INFO 13004 --- [main] s.w.s.m.m.a.RequestMappingHandlerMapping : Mapped "{[/shopActivity/del],methods=[POST]}" onto public java.lang.String com.scd.admin.controller.ShopActivityController.del(javax.servlet.http.HttpServletRequest)
2018-04-02 16:36:49.025  INFO 13004 --- [main] s.w.s.m.m.a.RequestMappingHandlerMapping : Mapped "{[/shopActivity/edit],methods=[POST]}" onto public java.lang.String com.scd.admin.controller.ShopActivityController.edit(javax.servlet.http.HttpServletRequest)
2018-04-02 16:36:49.026  INFO 13004 --- [main] s.w.s.m.m.a.RequestMappingHandlerMapping : Mapped "{[/shop/add],methods=[POST]}" onto public java.lang.String com.scd.admin.controller.ShopController.add(javax.servlet.http.HttpServletRequest)
2018-04-02 16:36:49.026  INFO 13004 --- [main] s.w.s.m.m.a.RequestMappingHandlerMapping : Mapped "{[/shop/list],methods=[POST]}" onto public java.lang.String com.scd.admin.controller.ShopController.list(javax.servlet.http.HttpServletRequest)
2018-04-02 16:36:49.026  INFO 13004 --- [main] s.w.s.m.m.a.RequestMappingHandlerMapping : Mapped "{[/shop/batchDel],methods=[POST]}" onto public java.lang.String com.scd.admin.controller.ShopController.batchDel(javax.servlet.http.HttpServletRequest)
2018-04-02 16:36:49.026  INFO 13004 --- [main] s.w.s.m.m.a.RequestMappingHandlerMapping : Mapped "{[/shop/del],methods=[POST]}" onto public java.lang.String com.scd.admin.controller.ShopController.del(javax.servlet.http.HttpServletRequest)
2018-04-02 16:36:49.026  INFO 13004 --- [main] s.w.s.m.m.a.RequestMappingHandlerMapping : Mapped "{[/shop/edit],methods=[POST]}" onto public java.lang.String com.scd.admin.controller.ShopController.edit(javax.servlet.http.HttpServletRequest)
2018-04-02 16:36:49.026  INFO 13004 --- [main] s.w.s.m.m.a.RequestMappingHandlerMapping : Mapped "{[/shop/getAllShop],methods=[POST]}" onto public java.lang.String com.scd.admin.controller.ShopController.getAllShop(javax.servlet.http.HttpServletRequest)
2018-04-02 16:36:49.027  INFO 13004 --- [main] s.w.s.m.m.a.RequestMappingHandlerMapping : Mapped "{[/version/getAll],methods=[POST]}" onto public java.lang.String com.scd.admin.controller.VersionController.getAll(javax.servlet.http.HttpServletRequest)
2018-04-02 16:36:49.027  INFO 13004 --- [main] s.w.s.m.m.a.RequestMappingHandlerMapping : Mapped "{[/version/edit],methods=[POST]}" onto public java.lang.String com.scd.admin.controller.VersionController.edit(javax.servlet.http.HttpServletRequest)
2018-04-02 16:36:49.028  INFO 13004 --- [main] s.w.s.m.m.a.RequestMappingHandlerMapping : Mapped "{[/error]}" onto public org.springframework.http.ResponseEntity<java.util.Map<java.lang.String, java.lang.Object>> org.springframework.boot.autoconfigure.web.BasicErrorController.error(javax.servlet.http.HttpServletRequest)
2018-04-02 16:36:49.029  INFO 13004 --- [main] s.w.s.m.m.a.RequestMappingHandlerMapping : Mapped "{[/error],produces=[text/html]}" onto public org.springframework.web.servlet.ModelAndView org.springframework.boot.autoconfigure.web.BasicErrorController.errorHtml(javax.servlet.http.HttpServletRequest,javax.servlet.http.HttpServletResponse)
2018-04-02 16:36:49.137  INFO 13004 --- [main] o.s.w.s.handler.SimpleUrlHandlerMapping  : Mapped URL path [/webjars/**] onto handler of type [class org.springframework.web.servlet.resource.ResourceHttpRequestHandler]
2018-04-02 16:36:49.137  INFO 13004 --- [main] o.s.w.s.handler.SimpleUrlHandlerMapping  : Mapped URL path [/**] onto handler of type [class org.springframework.web.servlet.resource.ResourceHttpRequestHandler]
2018-04-02 16:36:49.188  INFO 13004 --- [main] o.s.w.s.handler.SimpleUrlHandlerMapping  : Mapped URL path [/**/favicon.ico] onto handler of type [class org.springframework.web.servlet.resource.ResourceHttpRequestHandler]
2018-04-02 16:36:50.454  INFO 13004 --- [main] o.s.b.a.e.mvc.EndpointHandlerMapping     : Mapped "{[/refresh || /refresh.json],methods=[POST]}" onto public java.lang.Object org.springframework.cloud.endpoint.GenericPostableMvcEndpoint.invoke()
2018-04-02 16:36:50.455  INFO 13004 --- [main] o.s.b.a.e.mvc.EndpointHandlerMapping     : Mapped "{[/features || /features.json],methods=[GET],produces=[application/vnd.spring-boot.actuator.v1+json || application/json]}" onto public java.lang.Object org.springframework.boot.actuate.endpoint.mvc.EndpointMvcAdapter.invoke()
2018-04-02 16:36:50.456  INFO 13004 --- [main] o.s.b.a.e.mvc.EndpointHandlerMapping     : Mapped "{[/heapdump || /heapdump.json],methods=[GET],produces=[application/octet-stream]}" onto public void org.springframework.boot.actuate.endpoint.mvc.HeapdumpMvcEndpoint.invoke(boolean,javax.servlet.http.HttpServletRequest,javax.servlet.http.HttpServletResponse) throws java.io.IOException,javax.servlet.ServletException
2018-04-02 16:36:50.464  INFO 13004 --- [main] o.s.b.a.e.mvc.EndpointHandlerMapping     : Mapped "{[/health || /health.json],methods=[GET],produces=[application/vnd.spring-boot.actuator.v1+json || application/json]}" onto public java.lang.Object org.springframework.boot.actuate.endpoint.mvc.HealthMvcEndpoint.invoke(javax.servlet.http.HttpServletRequest,java.security.Principal)
2018-04-02 16:36:50.465  INFO 13004 --- [main] o.s.b.a.e.mvc.EndpointHandlerMapping     : Mapped "{[/auditevents || /auditevents.json],methods=[GET],produces=[application/vnd.spring-boot.actuator.v1+json || application/json]}" onto public org.springframework.http.ResponseEntity<?> org.springframework.boot.actuate.endpoint.mvc.AuditEventsMvcEndpoint.findByPrincipalAndAfterAndType(java.lang.String,java.util.Date,java.lang.String)
2018-04-02 16:36:50.466  INFO 13004 --- [main] o.s.b.a.e.mvc.EndpointHandlerMapping     : Mapped "{[/mappings || /mappings.json],methods=[GET],produces=[application/vnd.spring-boot.actuator.v1+json || application/json]}" onto public java.lang.Object org.springframework.boot.actuate.endpoint.mvc.EndpointMvcAdapter.invoke()
2018-04-02 16:36:50.468  INFO 13004 --- [main] o.s.b.a.e.mvc.EndpointHandlerMapping     : Mapped "{[/logfile || /logfile.json],methods=[GET || HEAD]}" onto public void org.springframework.boot.actuate.endpoint.mvc.LogFileMvcEndpoint.invoke(javax.servlet.http.HttpServletRequest,javax.servlet.http.HttpServletResponse) throws javax.servlet.ServletException,java.io.IOException
2018-04-02 16:36:50.470  INFO 13004 --- [main] o.s.b.a.e.mvc.EndpointHandlerMapping     : Mapped "{[/info || /info.json],methods=[GET],produces=[application/vnd.spring-boot.actuator.v1+json || application/json]}" onto public java.lang.Object org.springframework.boot.actuate.endpoint.mvc.EndpointMvcAdapter.invoke()
2018-04-02 16:36:50.470  INFO 13004 --- [main] o.s.b.a.e.mvc.EndpointHandlerMapping     : Mapped "{[/archaius || /archaius.json],methods=[GET],produces=[application/vnd.spring-boot.actuator.v1+json || application/json]}" onto public java.lang.Object org.springframework.boot.actuate.endpoint.mvc.EndpointMvcAdapter.invoke()
2018-04-02 16:36:50.471  INFO 13004 --- [main] o.s.b.a.e.mvc.EndpointHandlerMapping     : Mapped "{[/autoconfig || /autoconfig.json],methods=[GET],produces=[application/vnd.spring-boot.actuator.v1+json || application/json]}" onto public java.lang.Object org.springframework.boot.actuate.endpoint.mvc.EndpointMvcAdapter.invoke()
2018-04-02 16:36:50.471  INFO 13004 --- [main] o.s.b.a.e.mvc.EndpointHandlerMapping     : Mapped "{[/env/{name:.*}],methods=[GET],produces=[application/vnd.spring-boot.actuator.v1+json || application/json]}" onto public java.lang.Object org.springframework.boot.actuate.endpoint.mvc.EnvironmentMvcEndpoint.value(java.lang.String)
2018-04-02 16:36:50.472  INFO 13004 --- [main] o.s.b.a.e.mvc.EndpointHandlerMapping     : Mapped "{[/env || /env.json],methods=[GET],produces=[application/vnd.spring-boot.actuator.v1+json || application/json]}" onto public java.lang.Object org.springframework.boot.actuate.endpoint.mvc.EndpointMvcAdapter.invoke()
2018-04-02 16:36:50.472  INFO 13004 --- [main] o.s.b.a.e.mvc.EndpointHandlerMapping     : Mapped "{[/metrics/{name:.*}],methods=[GET],produces=[application/vnd.spring-boot.actuator.v1+json || application/json]}" onto public java.lang.Object org.springframework.boot.actuate.endpoint.mvc.MetricsMvcEndpoint.value(java.lang.String)
2018-04-02 16:36:50.473  INFO 13004 --- [main] o.s.b.a.e.mvc.EndpointHandlerMapping     : Mapped "{[/metrics || /metrics.json],methods=[GET],produces=[application/vnd.spring-boot.actuator.v1+json || application/json]}" onto public java.lang.Object org.springframework.boot.actuate.endpoint.mvc.EndpointMvcAdapter.invoke()
2018-04-02 16:36:50.473  INFO 13004 --- [main] o.s.b.a.e.mvc.EndpointHandlerMapping     : Mapped "{[/beans || /beans.json],methods=[GET],produces=[application/vnd.spring-boot.actuator.v1+json || application/json]}" onto public java.lang.Object org.springframework.boot.actuate.endpoint.mvc.EndpointMvcAdapter.invoke()
2018-04-02 16:36:50.473  INFO 13004 --- [main] o.s.b.a.e.mvc.EndpointHandlerMapping     : Mapped "{[/trace || /trace.json],methods=[GET],produces=[application/vnd.spring-boot.actuator.v1+json || application/json]}" onto public java.lang.Object org.springframework.boot.actuate.endpoint.mvc.EndpointMvcAdapter.invoke()
2018-04-02 16:36:50.474  INFO 13004 --- [main] o.s.b.a.e.mvc.EndpointHandlerMapping     : Mapped "{[/configprops || /configprops.json],methods=[GET],produces=[application/vnd.spring-boot.actuator.v1+json || application/json]}" onto public java.lang.Object org.springframework.boot.actuate.endpoint.mvc.EndpointMvcAdapter.invoke()
2018-04-02 16:36:50.475  INFO 13004 --- [main] o.s.b.a.e.mvc.EndpointHandlerMapping     : Mapped "{[/loggers/{name:.*}],methods=[GET],produces=[application/vnd.spring-boot.actuator.v1+json || application/json]}" onto public java.lang.Object org.springframework.boot.actuate.endpoint.mvc.LoggersMvcEndpoint.get(java.lang.String)
2018-04-02 16:36:50.476  INFO 13004 --- [main] o.s.b.a.e.mvc.EndpointHandlerMapping     : Mapped "{[/loggers/{name:.*}],methods=[POST],consumes=[application/vnd.spring-boot.actuator.v1+json || application/json],produces=[application/vnd.spring-boot.actuator.v1+json || application/json]}" onto public java.lang.Object org.springframework.boot.actuate.endpoint.mvc.LoggersMvcEndpoint.set(java.lang.String,java.util.Map<java.lang.String, java.lang.String>)
2018-04-02 16:36:50.476  INFO 13004 --- [main] o.s.b.a.e.mvc.EndpointHandlerMapping     : Mapped "{[/loggers || /loggers.json],methods=[GET],produces=[application/vnd.spring-boot.actuator.v1+json || application/json]}" onto public java.lang.Object org.springframework.boot.actuate.endpoint.mvc.EndpointMvcAdapter.invoke()
2018-04-02 16:36:50.476  INFO 13004 --- [main] o.s.b.a.e.mvc.EndpointHandlerMapping     : Mapped "{[/env],methods=[POST]}" onto public java.lang.Object org.springframework.cloud.context.environment.EnvironmentManagerMvcEndpoint.value(java.util.Map<java.lang.String, java.lang.String>)
2018-04-02 16:36:50.476  INFO 13004 --- [main] o.s.b.a.e.mvc.EndpointHandlerMapping     : Mapped "{[/env/reset],methods=[POST]}" onto public java.util.Map<java.lang.String, java.lang.Object> org.springframework.cloud.context.environment.EnvironmentManagerMvcEndpoint.reset()
2018-04-02 16:36:50.477  INFO 13004 --- [main] o.s.b.a.e.mvc.EndpointHandlerMapping     : Mapped "{[/service-registry/instance-status],methods=[GET]}" onto public org.springframework.http.ResponseEntity org.springframework.cloud.client.serviceregistry.endpoint.ServiceRegistryEndpoint.getStatus()
2018-04-02 16:36:50.477  INFO 13004 --- [main] o.s.b.a.e.mvc.EndpointHandlerMapping     : Mapped "{[/service-registry/instance-status],methods=[POST]}" onto public org.springframework.http.ResponseEntity<?> org.springframework.cloud.client.serviceregistry.endpoint.ServiceRegistryEndpoint.setStatus(java.lang.String)
2018-04-02 16:36:50.477  INFO 13004 --- [main] o.s.b.a.e.mvc.EndpointHandlerMapping     : Mapped "{[/dump || /dump.json],methods=[GET],produces=[application/vnd.spring-boot.actuator.v1+json || application/json]}" onto public java.lang.Object org.springframework.boot.actuate.endpoint.mvc.EndpointMvcAdapter.invoke()
2018-04-02 16:36:50.770  WARN 13004 --- [main] arterDeprecationWarningAutoConfiguration : spring-cloud-starter-eureka is deprecated as of Spring Cloud Netflix 1.4.0, please migrate to spring-cloud-starter-netflix-eureka
2018-04-02 16:36:50.928  INFO 13004 --- [main] o.s.j.e.a.AnnotationMBeanExporter        : Registering beans for JMX exposure on startup
2018-04-02 16:36:50.939  INFO 13004 --- [main] o.s.j.e.a.AnnotationMBeanExporter        : Bean with name 'environmentManager' has been autodetected for JMX exposure
2018-04-02 16:36:50.940  INFO 13004 --- [main] o.s.j.e.a.AnnotationMBeanExporter        : Bean with name 'configurationPropertiesRebinder' has been autodetected for JMX exposure
2018-04-02 16:36:50.941  INFO 13004 --- [main] o.s.j.e.a.AnnotationMBeanExporter        : Bean with name 'refreshEndpoint' has been autodetected for JMX exposure
2018-04-02 16:36:50.941  INFO 13004 --- [main] o.s.j.e.a.AnnotationMBeanExporter        : Bean with name 'serviceRegistryEndpoint' has been autodetected for JMX exposure
2018-04-02 16:36:50.943  INFO 13004 --- [main] o.s.j.e.a.AnnotationMBeanExporter        : Bean with name 'refreshScope' has been autodetected for JMX exposure
2018-04-02 16:36:50.946  INFO 13004 --- [main] o.s.j.e.a.AnnotationMBeanExporter        : Located managed bean 'environmentManager': registering with JMX server as MBean [org.springframework.cloud.context.environment:name=environmentManager,type=EnvironmentManager]
2018-04-02 16:36:50.957  INFO 13004 --- [main] o.s.j.e.a.AnnotationMBeanExporter        : Located managed bean 'serviceRegistryEndpoint': registering with JMX server as MBean [org.springframework.cloud.client.serviceregistry.endpoint:name=serviceRegistryEndpoint,type=ServiceRegistryEndpoint]
2018-04-02 16:36:50.963  INFO 13004 --- [main] o.s.j.e.a.AnnotationMBeanExporter        : Located managed bean 'refreshScope': registering with JMX server as MBean [org.springframework.cloud.context.scope.refresh:name=refreshScope,type=RefreshScope]
2018-04-02 16:36:50.977  INFO 13004 --- [main] o.s.j.e.a.AnnotationMBeanExporter        : Located managed bean 'configurationPropertiesRebinder': registering with JMX server as MBean [org.springframework.cloud.context.properties:name=configurationPropertiesRebinder,context=61f3fbb8,type=ConfigurationPropertiesRebinder]
2018-04-02 16:36:50.982  INFO 13004 --- [main] o.s.j.e.a.AnnotationMBeanExporter        : Located managed bean 'refreshEndpoint': registering with JMX server as MBean [org.springframework.cloud.endpoint:name=refreshEndpoint,type=RefreshEndpoint]
2018-04-02 16:36:51.244  INFO 13004 --- [main] o.s.c.support.DefaultLifecycleProcessor  : Starting beans in phase 0
2018-04-02 16:36:51.251  INFO 13004 --- [main] o.s.c.n.eureka.InstanceInfoFactory       : Setting initial instance status as: STARTING
2018-04-02 16:36:51.290  INFO 13004 --- [main] com.netflix.discovery.DiscoveryClient    : Initializing Eureka in region us-east-1
2018-04-02 16:36:51.813  INFO 13004 --- [main] c.n.d.provider.DiscoveryJerseyProvider   : Using JSON encoding codec LegacyJacksonJson
2018-04-02 16:36:51.813  INFO 13004 --- [main] c.n.d.provider.DiscoveryJerseyProvider   : Using JSON decoding codec LegacyJacksonJson
2018-04-02 16:36:51.908  INFO 13004 --- [main] c.n.d.provider.DiscoveryJerseyProvider   : Using XML encoding codec XStreamXml
2018-04-02 16:36:51.909  INFO 13004 --- [main] c.n.d.provider.DiscoveryJerseyProvider   : Using XML decoding codec XStreamXml
2018-04-02 16:36:52.180  INFO 13004 --- [main] c.n.d.s.r.aws.ConfigClusterResolver      : Resolving eureka endpoints via configuration
2018-04-02 16:36:52.279  INFO 13004 --- [main] com.netflix.discovery.DiscoveryClient    : Disable delta property : false
2018-04-02 16:36:52.279  INFO 13004 --- [main] com.netflix.discovery.DiscoveryClient    : Single vip registry refresh property : null
2018-04-02 16:36:52.280  INFO 13004 --- [main] com.netflix.discovery.DiscoveryClient    : Force full registry fetch : false
2018-04-02 16:36:52.280  INFO 13004 --- [main] com.netflix.discovery.DiscoveryClient    : Application is null : false
2018-04-02 16:36:52.280  INFO 13004 --- [main] com.netflix.discovery.DiscoveryClient    : Registered Applications size is zero : true
2018-04-02 16:36:52.280  INFO 13004 --- [main] com.netflix.discovery.DiscoveryClient    : Application version is -1: true
2018-04-02 16:36:52.280  INFO 13004 --- [main] com.netflix.discovery.DiscoveryClient    : Getting all instance registry info from the eureka server
2018-04-02 16:36:52.421  INFO 13004 --- [main] com.netflix.discovery.DiscoveryClient    : The response status is 200
2018-04-02 16:36:52.423  INFO 13004 --- [main] com.netflix.discovery.DiscoveryClient    : Starting heartbeat executor: renew interval is: 30
2018-04-02 16:36:52.426  INFO 13004 --- [main] c.n.discovery.InstanceInfoReplicator     : InstanceInfoReplicator onDemand update allowed rate per min is 4
2018-04-02 16:36:52.429  INFO 13004 --- [main] com.netflix.discovery.DiscoveryClient    : Discovery Client initialized at timestamp 1522658212429 with initial instances count: 2
2018-04-02 16:36:52.436  INFO 13004 --- [main] o.s.c.n.e.s.EurekaServiceRegistry        : Registering application admin with eureka with status UP
2018-04-02 16:36:52.437  INFO 13004 --- [main] com.netflix.discovery.DiscoveryClient    : Saw local status change event StatusChangeEvent [timestamp=1522658212437, current=UP, previous=STARTING]
2018-04-02 16:36:52.440  INFO 13004 --- [DiscoveryClient-InstanceInfoReplicator-0] com.netflix.discovery.DiscoveryClient    : DiscoveryClient_ADMIN/XT-20170531ETYS:admin:18531: registering service...
2018-04-02 16:36:52.473  INFO 13004 --- [DiscoveryClient-InstanceInfoReplicator-0] com.netflix.discovery.DiscoveryClient    : DiscoveryClient_ADMIN/XT-20170531ETYS:admin:18531 - registration status: 204
2018-04-02 16:36:52.577  INFO 13004 --- [main] s.b.c.e.t.TomcatEmbeddedServletContainer : Tomcat started on port(s): 18531 (http)
2018-04-02 16:36:52.578  INFO 13004 --- [main] .s.c.n.e.s.EurekaAutoServiceRegistration : Updating port to 18531
2018-04-02 16:36:52.589  INFO 13004 --- [main] com.scd.admin.AdminApplication           : Started AdminApplication in 12.023 seconds (JVM running for 12.675)
2018-04-02 16:39:31.066  INFO 13004 --- [http-nio-18531-exec-1] o.a.c.c.C.[Tomcat].[localhost].[/]       : Initializing Spring FrameworkServlet 'dispatcherServlet'
2018-04-02 16:39:31.066  INFO 13004 --- [http-nio-18531-exec-1] o.s.web.servlet.DispatcherServlet        : FrameworkServlet 'dispatcherServlet': initialization started
2018-04-02 16:39:31.091  INFO 13004 --- [http-nio-18531-exec-1] o.s.web.servlet.DispatcherServlet        : FrameworkServlet 'dispatcherServlet': initialization completed in 25 ms
2018-04-02 16:41:52.287  INFO 13004 --- [AsyncResolver-bootstrap-executor-0] c.n.d.s.r.aws.ConfigClusterResolver      : Resolving eureka endpoints via configuration
2018-04-02 16:46:52.293  INFO 13004 --- [AsyncResolver-bootstrap-executor-0] c.n.d.s.r.aws.ConfigClusterResolver      : Resolving eureka endpoints via configuration
2018-04-02 16:51:52.299  INFO 13004 --- [AsyncResolver-bootstrap-executor-0] c.n.d.s.r.aws.ConfigClusterResolver      : Resolving eureka endpoints via configuration
2018-04-02 16:56:52.305  INFO 13004 --- [AsyncResolver-bootstrap-executor-0] c.n.d.s.r.aws.ConfigClusterResolver      : Resolving eureka endpoints via configuration
2018-04-02 17:01:52.316  INFO 13004 --- [AsyncResolver-bootstrap-executor-0] c.n.d.s.r.aws.ConfigClusterResolver      : Resolving eureka endpoints via configuration
2018-04-02 17:06:52.323  INFO 13004 --- [AsyncResolver-bootstrap-executor-0] c.n.d.s.r.aws.ConfigClusterResolver      : Resolving eureka endpoints via configuration
2018-04-02 17:11:52.330  INFO 13004 --- [AsyncResolver-bootstrap-executor-0] c.n.d.s.r.aws.ConfigClusterResolver      : Resolving eureka endpoints via configuration
2018-04-02 17:16:52.336  INFO 13004 --- [AsyncResolver-bootstrap-executor-0] c.n.d.s.r.aws.ConfigClusterResolver      : Resolving eureka endpoints via configuration
2018-04-02 17:21:52.342  INFO 13004 --- [AsyncResolver-bootstrap-executor-0] c.n.d.s.r.aws.ConfigClusterResolver      : Resolving eureka endpoints via configuration
2018-04-02 17:25:04.328  INFO 13004 --- [http-nio-18531-exec-9] o.h.h.i.QueryTranslatorFactoryInitiator  : HHH000397: Using ASTQueryTranslatorFactory
2018-04-02 17:26:52.348  INFO 13004 --- [AsyncResolver-bootstrap-executor-0] c.n.d.s.r.aws.ConfigClusterResolver      : Resolving eureka endpoints via configuration
2018-04-02 17:31:00.927  INFO 13004 --- [hystrix-coredb-1] s.c.a.AnnotationConfigApplicationContext : Refreshing org.springframework.context.annotation.AnnotationConfigApplicationContext@7f97aae0: startup date [Mon Apr 02 17:31:00 CST 2018]; parent: org.springframework.boot.context.embedded.AnnotationConfigEmbeddedWebApplicationContext@61f3fbb8
2018-04-02 17:31:00.980  INFO 13004 --- [hystrix-coredb-1] f.a.AutowiredAnnotationBeanPostProcessor : JSR-330 'javax.inject.Inject' annotation found and supported for autowiring
2018-04-02 17:31:01.248  INFO 13004 --- [hystrix-coredb-1] c.netflix.config.ChainedDynamicProperty  : Flipping property: coredb.ribbon.ActiveConnectionsLimit to use NEXT property: niws.loadbalancer.availabilityFilteringRule.activeConnectionsLimit = 2147483647
2018-04-02 17:31:01.278  INFO 13004 --- [hystrix-coredb-1] c.n.u.concurrent.ShutdownEnabledTimer    : Shutdown hook installed for: NFLoadBalancer-PingTimer-coredb
2018-04-02 17:31:01.308  INFO 13004 --- [hystrix-coredb-1] c.netflix.loadbalancer.BaseLoadBalancer  : Client: coredb instantiated a LoadBalancer: DynamicServerListLoadBalancer:{NFLoadBalancer:name=coredb,current list of Servers=[],Load balancer stats=Zone stats: {},Server stats: []}ServerList:null
2018-04-02 17:31:01.318  INFO 13004 --- [hystrix-coredb-1] c.n.l.DynamicServerListLoadBalancer      : Using serverListUpdater PollingServerListUpdater
2018-04-02 17:31:01.352  INFO 13004 --- [hystrix-coredb-1] c.netflix.config.ChainedDynamicProperty  : Flipping property: coredb.ribbon.ActiveConnectionsLimit to use NEXT property: niws.loadbalancer.availabilityFilteringRule.activeConnectionsLimit = 2147483647
2018-04-02 17:31:01.355  INFO 13004 --- [hystrix-coredb-1] c.n.l.DynamicServerListLoadBalancer      : DynamicServerListLoadBalancer for client coredb initialized: DynamicServerListLoadBalancer:{NFLoadBalancer:name=coredb,current list of Servers=[XT-20170531ETYS:18537],Load balancer stats=Zone stats: {defaultzone=[Zone:defaultzone;	Instance count:1;	Active connections count: 0;	Circuit breaker tripped count: 0;	Active connections per server: 0.0;]
},Server stats: [[Server:XT-20170531ETYS:18537;	Zone:defaultZone;	Total Requests:0;	Successive connection failure:0;	Total blackout seconds:0;	Last connection made:Thu Jan 01 08:00:00 CST 1970;	First connection made: Thu Jan 01 08:00:00 CST 1970;	Active Connections:0;	total failure count in last (1000) msecs:0;	average resp time:0.0;	90 percentile resp time:0.0;	95 percentile resp time:0.0;	min resp time:0.0;	max resp time:0.0;	stddev resp time:0.0]
]}ServerList:org.springframework.cloud.netflix.ribbon.eureka.DomainExtractingServerList@36ee453b
2018-04-02 17:31:02.321  INFO 13004 --- [PollingServerListUpdater-0] c.netflix.config.ChainedDynamicProperty  : Flipping property: coredb.ribbon.ActiveConnectionsLimit to use NEXT property: niws.loadbalancer.availabilityFilteringRule.activeConnectionsLimit = 2147483647
2018-04-02 17:31:52.354  INFO 13004 --- [AsyncResolver-bootstrap-executor-0] c.n.d.s.r.aws.ConfigClusterResolver      : Resolving eureka endpoints via configuration
2018-04-02 17:36:52.360  INFO 13004 --- [AsyncResolver-bootstrap-executor-0] c.n.d.s.r.aws.ConfigClusterResolver      : Resolving eureka endpoints via configuration
2018-04-02 17:41:52.367  INFO 13004 --- [AsyncResolver-bootstrap-executor-0] c.n.d.s.r.aws.ConfigClusterResolver      : Resolving eureka endpoints via configuration
